2024-11-10 00:47:15,961 INFO: Collection 'trade_config' exists.
2024-11-10 00:47:15,967 INFO: Collection 'trade_config' dropped successfully.
2024-11-10 00:47:15,972 INFO: Collection 'trade_config' does not exist.
2024-11-10 00:47:54,608 INFO: Collection 'trade_config' exists.
2024-11-10 00:47:54,613 INFO: Collection 'trade_config' dropped successfully.
2024-11-10 00:47:54,618 INFO: Collection 'trade_config' does not exist.
2024-11-10 00:47:54,752 INFO: Failed to fetch all historical data: Length mismatch: Expected axis has 0 elements, new values have 7 elements
2024-11-10 00:48:25,696 INFO: Collection 'trade_config' exists.
2024-11-10 00:48:25,702 INFO: Collection 'trade_config' dropped successfully.
2024-11-10 00:48:25,706 INFO: Collection 'trade_config' does not exist.
2024-11-10 00:48:54,339 INFO: Collection 'trade_config' exists.
2024-11-10 00:48:54,344 INFO: Collection 'trade_config' dropped successfully.
2024-11-10 00:48:54,349 INFO: Collection 'trade_config' does not exist.
2024-11-10 00:50:08,522 INFO: Collection 'trade_config' exists.
2024-11-10 00:50:08,528 INFO: Collection 'trade_config' dropped successfully.
2024-11-10 00:50:08,534 INFO: Collection 'trade_config' does not exist.
2024-11-15 04:49:12,669 INFO: Collection 'trade_config' exists.
2024-11-15 04:49:12,676 INFO: Collection 'trade_config' dropped successfully.
2024-11-15 04:49:12,682 INFO: Collection 'trade_config' does not exist.
2024-11-15 04:49:13,116 INFO: Failed to initialize position manager: Failed to set leverage: Failed to set leverage: Unmatched IP, please check your API key's bound IP addresses. (ErrCode: 10010) (ErrTime: 19:49:13).
Request → POST https://api.bybit.com/v5/position/set-leverage: {"category": "linear", "symbol": "BTCUSDT", "buyLeverage": "3.0", "sellLeverage": "3.0"}.
2024-11-29 04:56:07,848 INFO: Collection 'trade_config' exists.
2024-11-29 04:56:07,855 INFO: Collection 'trade_config' dropped successfully.
2024-11-29 04:56:07,867 INFO: Collection 'trade_config' does not exist.
2024-11-29 04:56:08,078 INFO: Failed to initialize position manager: Failed to set leverage: Failed to set leverage: Unmatched IP, please check your API key's bound IP addresses. (ErrCode: 10010) (ErrTime: 19:56:08).
Request → POST https://api.bybit.com/v5/position/set-leverage: {"category": "linear", "symbol": "BTCUSDT", "buyLeverage": "1", "sellLeverage": "1"}.
2024-11-29 04:56:48,776 INFO: Collection 'trade_config' exists.
2024-11-29 04:56:48,782 INFO: Collection 'trade_config' dropped successfully.
2024-11-29 04:56:48,789 INFO: Collection 'trade_config' does not exist.
2024-11-29 04:56:48,992 INFO: Failed to initialize position manager: Failed to set leverage: Failed to set leverage: Unmatched IP, please check your API key's bound IP addresses. (ErrCode: 10010) (ErrTime: 19:56:48).
Request → POST https://api.bybit.com/v5/position/set-leverage: {"category": "linear", "symbol": "BTCUSDT", "buyLeverage": "1", "sellLeverage": "1"}.
2024-12-15 21:38:02,132 INFO: Collection 'trade_config' exists.
2024-12-15 21:38:02,142 INFO: Collection 'trade_config' dropped successfully.
2024-12-15 21:38:02,157 INFO: Collection 'trade_config' does not exist.
2024-12-15 22:38:45,776 INFO: Collection 'trade_config' exists.
2024-12-15 22:38:45,782 INFO: Collection 'trade_config' dropped successfully.
2024-12-15 22:38:45,787 INFO: Collection 'trade_config' does not exist.
2024-12-15 23:06:39,972 INFO: Collection 'trade_config' exists.
2024-12-15 23:06:39,977 INFO: Collection 'trade_config' dropped successfully.
2024-12-15 23:06:39,983 INFO: Collection 'trade_config' does not exist.
2024-12-15 23:10:40,862 INFO: Collection 'trade_config' exists.
2024-12-15 23:10:40,868 INFO: Collection 'trade_config' dropped successfully.
2024-12-15 23:10:40,877 INFO: Collection 'trade_config' does not exist.
2024-12-15 23:30:41,399 INFO: Collection 'trade_config' exists.
2024-12-15 23:30:41,405 INFO: Collection 'trade_config' dropped successfully.
2024-12-15 23:30:41,411 INFO: Collection 'trade_config' does not exist.
2024-12-15 23:40:28,461 INFO: Collection 'trade_config' exists.
2024-12-15 23:40:28,465 INFO: Collection 'trade_config' dropped successfully.
2024-12-15 23:40:28,470 INFO: Collection 'trade_config' does not exist.
2024-12-15 23:40:48,887 INFO: Collection 'trade_config' exists.
2024-12-15 23:40:48,892 INFO: Collection 'trade_config' dropped successfully.
2024-12-15 23:40:48,896 INFO: Collection 'trade_config' does not exist.
2024-12-16 00:30:41,878 INFO: Collection 'trade_config' exists.
2024-12-16 00:30:41,884 INFO: Collection 'trade_config' dropped successfully.
2024-12-16 00:30:41,890 INFO: Collection 'trade_config' does not exist.
2024-12-16 00:35:58,163 INFO: Collection 'trade_config' exists.
2024-12-16 00:35:58,168 INFO: Collection 'trade_config' dropped successfully.
2024-12-16 00:35:58,173 INFO: Collection 'trade_config' does not exist.
2024-12-16 10:52:08,695 INFO: Collection 'trade_config' exists.
2024-12-16 10:52:08,701 INFO: Collection 'trade_config' dropped successfully.
2024-12-16 10:52:08,709 INFO: Collection 'trade_config' does not exist.
2024-12-16 10:54:06,047 INFO: Collection 'trade_config' exists.
2024-12-16 10:54:06,052 INFO: Collection 'trade_config' dropped successfully.
2024-12-16 10:54:06,057 INFO: Collection 'trade_config' does not exist.
2024-12-16 10:56:28,218 INFO: Collection 'trade_config' exists.
2024-12-16 10:56:28,223 INFO: Collection 'trade_config' dropped successfully.
2024-12-16 10:56:28,229 INFO: Collection 'trade_config' does not exist.
2024-12-16 10:57:52,705 INFO: Collection 'trade_config' exists.
2024-12-16 10:57:52,710 INFO: Collection 'trade_config' dropped successfully.
2024-12-16 10:57:52,714 INFO: Collection 'trade_config' does not exist.
2024-12-16 11:52:45,616 INFO: Collection 'trade_config' exists.
2024-12-16 11:52:45,621 INFO: Collection 'trade_config' dropped successfully.
2024-12-16 11:52:45,626 INFO: Collection 'trade_config' does not exist.
2024-12-16 14:53:32,379 INFO: Collection 'trade_config' exists.
2024-12-16 14:53:32,388 INFO: Collection 'trade_config' dropped successfully.
2024-12-16 14:53:32,402 INFO: Collection 'trade_config' does not exist.
2024-12-16 14:55:45,878 INFO: Collection 'trade_config' exists.
2024-12-16 14:55:45,884 INFO: Collection 'trade_config' dropped successfully.
2024-12-16 14:55:45,889 INFO: Collection 'trade_config' does not exist.
2024-12-16 14:59:10,079 INFO: Collection 'trade_config' exists.
2024-12-16 14:59:10,085 INFO: Collection 'trade_config' dropped successfully.
2024-12-16 14:59:10,089 INFO: Collection 'trade_config' does not exist.
2024-12-16 15:22:28,398 INFO: Collection 'trade_config' exists.
2024-12-16 15:22:28,403 INFO: Collection 'trade_config' dropped successfully.
2024-12-16 15:22:28,408 INFO: Collection 'trade_config' does not exist.
2024-12-16 15:23:08,669 INFO: Collection 'trade_config' exists.
2024-12-16 15:23:08,674 INFO: Collection 'trade_config' dropped successfully.
2024-12-16 15:23:08,679 INFO: Collection 'trade_config' does not exist.
2024-12-16 15:46:19,308 INFO: Collection 'trade_config' exists.
2024-12-16 15:46:19,314 INFO: Collection 'trade_config' dropped successfully.
2024-12-16 15:46:19,320 INFO: Collection 'trade_config' does not exist.
2024-12-16 15:46:54,932 INFO: Collection 'trade_config' exists.
2024-12-16 15:46:54,938 INFO: Collection 'trade_config' dropped successfully.
2024-12-16 15:46:54,943 INFO: Collection 'trade_config' does not exist.
2024-12-16 15:48:29,614 INFO: Collection 'trade_config' exists.
2024-12-16 15:48:29,619 INFO: Collection 'trade_config' dropped successfully.
2024-12-16 15:48:29,623 INFO: Collection 'trade_config' does not exist.
2024-12-17 00:07:36,054 INFO: Collection 'trade_config' exists.
2024-12-17 00:07:36,060 INFO: Collection 'trade_config' dropped successfully.
2024-12-17 00:07:36,065 INFO: Collection 'trade_config' does not exist.
2024-12-17 00:08:45,450 INFO: Collection 'trade_config' exists.
2024-12-17 00:08:45,455 INFO: Collection 'trade_config' dropped successfully.
2024-12-17 00:08:45,460 INFO: Collection 'trade_config' does not exist.
2024-12-17 00:30:44,780 INFO: Collection 'trade_config' exists.
2024-12-17 00:30:44,785 INFO: Collection 'trade_config' dropped successfully.
2024-12-17 00:30:44,789 INFO: Collection 'trade_config' does not exist.
2024-12-17 01:00:43,708 INFO: Collection 'trade_config' exists.
2024-12-17 01:00:43,715 INFO: Collection 'trade_config' dropped successfully.
2024-12-17 01:00:43,720 INFO: Collection 'trade_config' does not exist.
2024-12-17 01:01:16,710 INFO: Collection 'trade_config' exists.
2024-12-17 01:01:16,716 INFO: Collection 'trade_config' dropped successfully.
2024-12-17 01:01:16,723 INFO: Collection 'trade_config' does not exist.
2024-12-17 01:05:15,733 INFO: Collection 'trade_config' exists.
2024-12-17 01:05:15,739 INFO: Collection 'trade_config' dropped successfully.
2024-12-17 01:05:15,747 INFO: Collection 'trade_config' does not exist.
2024-12-17 01:08:09,800 INFO: Collection 'trade_config' exists.
2024-12-17 01:08:09,806 INFO: Collection 'trade_config' dropped successfully.
2024-12-17 01:08:09,811 INFO: Collection 'trade_config' does not exist.
2024-12-17 09:32:18,337 INFO: Collection 'trade_config' exists.
2024-12-17 09:32:18,342 INFO: Collection 'trade_config' dropped successfully.
2024-12-17 09:32:18,347 INFO: Collection 'trade_config' does not exist.
2024-12-17 09:32:38,513 INFO: Collection 'trade_config' exists.
2024-12-17 09:32:38,518 INFO: Collection 'trade_config' dropped successfully.
2024-12-17 09:32:38,522 INFO: Collection 'trade_config' does not exist.
2024-12-17 09:34:05,065 INFO: Collection 'trade_config' exists.
2024-12-17 09:34:05,070 INFO: Collection 'trade_config' dropped successfully.
2024-12-17 09:34:05,074 INFO: Collection 'trade_config' does not exist.
2024-12-17 09:34:24,793 INFO: Collection 'trade_config' exists.
2024-12-17 09:34:24,798 INFO: Collection 'trade_config' dropped successfully.
2024-12-17 09:34:24,803 INFO: Collection 'trade_config' does not exist.
2024-12-18 08:03:44,895 INFO: Collection 'trade_config' exists.
2024-12-18 08:03:44,901 INFO: Collection 'trade_config' dropped successfully.
2024-12-18 08:03:44,909 INFO: Collection 'trade_config' does not exist.
2024-12-18 08:14:33,560 INFO: Collection 'trade_config' exists.
2024-12-18 08:14:33,566 INFO: Collection 'trade_config' dropped successfully.
2024-12-18 08:14:33,572 INFO: Collection 'trade_config' does not exist.
2024-12-18 08:39:52,334 INFO: Collection 'trade_config' exists.
2024-12-18 08:39:52,340 INFO: Collection 'trade_config' dropped successfully.
2024-12-18 08:39:52,345 INFO: Collection 'trade_config' does not exist.
2024-12-18 19:33:32,490 INFO: Collection 'trade_config' exists.
2024-12-18 19:33:32,510 INFO: Collection 'trade_config' dropped successfully.
2024-12-18 19:33:32,528 INFO: Collection 'trade_config' does not exist.
