2024-08-30 02:05:38,461 INFO: Loading model from /home/tikeda/workspace/trade/AI_DayTrading/data/data_rolling/rolling_v1_BTC_ETH_SOL_BNB_60_model_macd2.keras
2024-08-30 02:05:43,941 INFO: Loading scaler from /home/tikeda/workspace/trade/AI_DayTrading/data/data_rolling/rolling_v1_BTC_ETH_SOL_BNB_60_model_macd2.scaler
2024-08-30 02:05:43,942 INFO: Loading model from /home/tikeda/workspace/trade/AI_DayTrading/data/data_rolling/rolling_v2_BTC_ETH_SOL_BNB_60_model_roc2.keras
2024-08-30 02:05:49,088 INFO: Loading scaler from /home/tikeda/workspace/trade/AI_DayTrading/data/data_rolling/rolling_v2_BTC_ETH_SOL_BNB_60_model_roc2.scaler
2024-08-30 02:05:49,089 INFO: Loading model from /home/tikeda/workspace/trade/AI_DayTrading/data/data_rolling/rolling_v3_BTC_ETH_SOL_BNB_60_model_mfi2.keras
2024-08-30 02:05:54,252 INFO: Loading scaler from /home/tikeda/workspace/trade/AI_DayTrading/data/data_rolling/rolling_v3_BTC_ETH_SOL_BNB_60_model_mfi2.scaler
2024-08-30 02:05:54,252 INFO: Loading model from /home/tikeda/workspace/trade/AI_DayTrading/data/data_rolling/rolling_v4_BTC_ETH_SOL_BNB_60_model_bbvi2.keras
2024-08-30 02:05:59,415 INFO: Loading scaler from /home/tikeda/workspace/trade/AI_DayTrading/data/data_rolling/rolling_v4_BTC_ETH_SOL_BNB_60_model_bbvi2.scaler
2024-08-30 02:05:59,419 INFO: Loading model from /home/tikeda/workspace/trade/AI_DayTrading/data/data_rolling/rolling_v5_BTC_ETH_SOL_BNB_60_model_bbvi4.keras
2024-08-30 02:06:04,511 INFO: Loading scaler from /home/tikeda/workspace/trade/AI_DayTrading/data/data_rolling/rolling_v5_BTC_ETH_SOL_BNB_60_model_bbvi4.scaler
2024-08-30 02:06:04,511 INFO: Loading model from /home/tikeda/workspace/trade/AI_DayTrading/data/data_rolling/rolling_v6_BTC_ETH_SOL_BNB_60_model_roc4.keras
2024-08-30 02:06:09,657 INFO: Loading scaler from /home/tikeda/workspace/trade/AI_DayTrading/data/data_rolling/rolling_v6_BTC_ETH_SOL_BNB_60_model_roc4.scaler
2024-08-30 02:06:09,658 INFO: Loading model from /home/tikeda/workspace/trade/AI_DayTrading/data/data_rolling/rolling_v7_BTC_ETH_SOL_BNB_60_model_mfi4.keras
2024-08-30 02:06:14,688 INFO: Loading scaler from /home/tikeda/workspace/trade/AI_DayTrading/data/data_rolling/rolling_v7_BTC_ETH_SOL_BNB_60_model_mfi4.scaler
2024-08-30 02:06:14,689 INFO: Loading model from /home/tikeda/workspace/trade/AI_DayTrading/data/data_rolling/rolling_v8_BTC_ETH_SOL_BNB_60_model_atr4.keras
2024-08-30 02:06:19,870 INFO: Loading scaler from /home/tikeda/workspace/trade/AI_DayTrading/data/data_rolling/rolling_v8_BTC_ETH_SOL_BNB_60_model_atr4.scaler
2024-08-30 02:06:19,874 INFO: Loading model from /home/tikeda/workspace/trade/AI_DayTrading/data/data_rolling/rolling_v9_BTC_ETH_SOL_BNB_60_model_macd4.keras
2024-08-30 02:06:25,161 INFO: Loading scaler from /home/tikeda/workspace/trade/AI_DayTrading/data/data_rolling/rolling_v9_BTC_ETH_SOL_BNB_60_model_macd4.scaler
2024-08-30 02:06:25,161 INFO: Loading model from /home/tikeda/workspace/trade/AI_DayTrading/data/data_rolling/rolling_v10_BTC_ETH_SOL_BNB_60_model_mfi8.keras
2024-08-30 02:06:30,269 INFO: Loading scaler from /home/tikeda/workspace/trade/AI_DayTrading/data/data_rolling/rolling_v10_BTC_ETH_SOL_BNB_60_model_mfi8.scaler
2024-08-30 02:06:30,270 INFO: Loading model from /home/tikeda/workspace/trade/AI_DayTrading/data/data_rolling/rolling_v11_BTC_ETH_SOL_BNB_60_model_macd8.keras
2024-08-30 02:06:35,270 INFO: Loading scaler from /home/tikeda/workspace/trade/AI_DayTrading/data/data_rolling/rolling_v11_BTC_ETH_SOL_BNB_60_model_macd8.scaler
2024-08-30 02:06:35,271 INFO: Loading model from /home/tikeda/workspace/trade/AI_DayTrading/data/data_rolling/rolling_v12_BTC_ETH_SOL_BNB_60_model_bbvi8.keras
2024-08-30 02:06:40,283 INFO: Loading scaler from /home/tikeda/workspace/trade/AI_DayTrading/data/data_rolling/rolling_v12_BTC_ETH_SOL_BNB_60_model_bbvi8.scaler
2024-08-30 02:06:45,475 INFO: Updated data for BTCUSDT at 5 minute interval.
2024-08-30 02:06:47,225 INFO: Updated data for BTCUSDT at 15 minute interval.
2024-08-30 02:06:49,118 INFO: Updated data for BTCUSDT at 30 minute interval.
2024-08-30 02:06:50,671 INFO: Updated data for BTCUSDT at 60 minute interval.
2024-08-30 02:10:05,337 INFO: Updated data for BTCUSDT at 5 minute interval.
2024-08-30 02:19:56,329 INFO: Loading model from /home/tikeda/workspace/trade/AI_DayTrading/data/data_rolling/rolling_v1_BTC_ETH_SOL_BNB_60_model_macd2.keras
2024-08-30 02:20:01,456 INFO: Loading scaler from /home/tikeda/workspace/trade/AI_DayTrading/data/data_rolling/rolling_v1_BTC_ETH_SOL_BNB_60_model_macd2.scaler
2024-08-30 02:20:01,457 INFO: Loading model from /home/tikeda/workspace/trade/AI_DayTrading/data/data_rolling/rolling_v2_BTC_ETH_SOL_BNB_60_model_roc2.keras
2024-08-30 02:20:06,411 INFO: Loading scaler from /home/tikeda/workspace/trade/AI_DayTrading/data/data_rolling/rolling_v2_BTC_ETH_SOL_BNB_60_model_roc2.scaler
2024-08-30 02:20:06,411 INFO: Loading model from /home/tikeda/workspace/trade/AI_DayTrading/data/data_rolling/rolling_v3_BTC_ETH_SOL_BNB_60_model_mfi2.keras
2024-08-30 02:20:11,381 INFO: Loading scaler from /home/tikeda/workspace/trade/AI_DayTrading/data/data_rolling/rolling_v3_BTC_ETH_SOL_BNB_60_model_mfi2.scaler
2024-08-30 02:20:11,381 INFO: Loading model from /home/tikeda/workspace/trade/AI_DayTrading/data/data_rolling/rolling_v4_BTC_ETH_SOL_BNB_60_model_bbvi2.keras
2024-08-30 02:20:16,225 INFO: Loading scaler from /home/tikeda/workspace/trade/AI_DayTrading/data/data_rolling/rolling_v4_BTC_ETH_SOL_BNB_60_model_bbvi2.scaler
2024-08-30 02:20:16,229 INFO: Loading model from /home/tikeda/workspace/trade/AI_DayTrading/data/data_rolling/rolling_v5_BTC_ETH_SOL_BNB_60_model_bbvi4.keras
2024-08-30 02:20:21,025 INFO: Loading scaler from /home/tikeda/workspace/trade/AI_DayTrading/data/data_rolling/rolling_v5_BTC_ETH_SOL_BNB_60_model_bbvi4.scaler
2024-08-30 02:20:21,026 INFO: Loading model from /home/tikeda/workspace/trade/AI_DayTrading/data/data_rolling/rolling_v6_BTC_ETH_SOL_BNB_60_model_roc4.keras
2024-08-30 02:20:25,860 INFO: Loading scaler from /home/tikeda/workspace/trade/AI_DayTrading/data/data_rolling/rolling_v6_BTC_ETH_SOL_BNB_60_model_roc4.scaler
2024-08-30 02:20:25,860 INFO: Loading model from /home/tikeda/workspace/trade/AI_DayTrading/data/data_rolling/rolling_v7_BTC_ETH_SOL_BNB_60_model_mfi4.keras
2024-08-30 02:20:30,688 INFO: Loading scaler from /home/tikeda/workspace/trade/AI_DayTrading/data/data_rolling/rolling_v7_BTC_ETH_SOL_BNB_60_model_mfi4.scaler
2024-08-30 02:20:30,688 INFO: Loading model from /home/tikeda/workspace/trade/AI_DayTrading/data/data_rolling/rolling_v8_BTC_ETH_SOL_BNB_60_model_atr4.keras
2024-08-30 02:20:35,513 INFO: Loading scaler from /home/tikeda/workspace/trade/AI_DayTrading/data/data_rolling/rolling_v8_BTC_ETH_SOL_BNB_60_model_atr4.scaler
2024-08-30 02:20:35,517 INFO: Loading model from /home/tikeda/workspace/trade/AI_DayTrading/data/data_rolling/rolling_v9_BTC_ETH_SOL_BNB_60_model_macd4.keras
2024-08-30 02:20:40,443 INFO: Loading scaler from /home/tikeda/workspace/trade/AI_DayTrading/data/data_rolling/rolling_v9_BTC_ETH_SOL_BNB_60_model_macd4.scaler
2024-08-30 02:20:40,443 INFO: Loading model from /home/tikeda/workspace/trade/AI_DayTrading/data/data_rolling/rolling_v10_BTC_ETH_SOL_BNB_60_model_mfi8.keras
2024-08-30 02:20:45,341 INFO: Loading scaler from /home/tikeda/workspace/trade/AI_DayTrading/data/data_rolling/rolling_v10_BTC_ETH_SOL_BNB_60_model_mfi8.scaler
2024-08-30 02:20:45,341 INFO: Loading model from /home/tikeda/workspace/trade/AI_DayTrading/data/data_rolling/rolling_v11_BTC_ETH_SOL_BNB_60_model_macd8.keras
2024-08-30 02:20:50,199 INFO: Loading scaler from /home/tikeda/workspace/trade/AI_DayTrading/data/data_rolling/rolling_v11_BTC_ETH_SOL_BNB_60_model_macd8.scaler
2024-08-30 02:20:50,199 INFO: Loading model from /home/tikeda/workspace/trade/AI_DayTrading/data/data_rolling/rolling_v12_BTC_ETH_SOL_BNB_60_model_bbvi8.keras
2024-08-30 02:20:55,053 INFO: Loading scaler from /home/tikeda/workspace/trade/AI_DayTrading/data/data_rolling/rolling_v12_BTC_ETH_SOL_BNB_60_model_bbvi8.scaler
2024-08-30 02:21:00,983 INFO: Updated data for BTCUSDT at 5 minute interval.
2024-08-30 02:21:01,750 INFO: Updated data for BTCUSDT at 15 minute interval.
2024-08-30 02:25:06,897 INFO: Updated data for BTCUSDT at 5 minute interval.
2024-08-30 02:30:02,877 INFO: Updated data for BTCUSDT at 5 minute interval.
2024-08-30 02:30:12,345 INFO: Updated data for BTCUSDT at 15 minute interval.
2024-08-30 02:30:13,015 INFO: Updated data for BTCUSDT at 30 minute interval.
2024-08-30 02:35:02,886 INFO: Updated data for BTCUSDT at 5 minute interval.
2024-08-30 02:40:07,140 INFO: Updated data for BTCUSDT at 5 minute interval.
2024-08-30 02:45:07,181 INFO: Updated data for BTCUSDT at 5 minute interval.
2024-08-30 02:45:08,188 INFO: Updated data for BTCUSDT at 15 minute interval.
2024-08-30 02:50:03,988 INFO: Updated data for BTCUSDT at 5 minute interval.
2024-08-30 02:55:05,767 INFO: Updated data for BTCUSDT at 5 minute interval.
2024-08-30 03:00:06,455 INFO: Updated data for BTCUSDT at 5 minute interval.
2024-08-30 03:00:07,319 INFO: Updated data for BTCUSDT at 15 minute interval.
2024-08-30 03:00:08,090 INFO: Updated data for BTCUSDT at 30 minute interval.
2024-08-30 03:00:08,612 INFO: Updated data for BTCUSDT at 60 minute interval.
2024-08-30 03:05:04,235 INFO: Updated data for BTCUSDT at 5 minute interval.
2024-08-30 03:10:02,811 INFO: Updated data for BTCUSDT at 5 minute interval.
2024-08-30 03:15:06,056 INFO: Updated data for BTCUSDT at 5 minute interval.
2024-08-30 03:15:06,695 INFO: Updated data for BTCUSDT at 15 minute interval.
2024-08-30 03:20:05,358 INFO: Updated data for BTCUSDT at 5 minute interval.
2024-08-30 03:25:02,608 INFO: Updated data for BTCUSDT at 5 minute interval.
2024-08-30 03:30:09,936 INFO: Updated data for BTCUSDT at 5 minute interval.
2024-08-30 03:30:10,850 INFO: Updated data for BTCUSDT at 15 minute interval.
2024-08-30 03:30:11,618 INFO: Updated data for BTCUSDT at 30 minute interval.
2024-08-30 03:35:02,728 INFO: Updated data for BTCUSDT at 5 minute interval.
2024-08-30 03:40:08,667 INFO: Updated data for BTCUSDT at 5 minute interval.
2024-08-30 03:45:04,779 INFO: Updated data for BTCUSDT at 5 minute interval.
2024-08-30 03:45:05,513 INFO: Updated data for BTCUSDT at 15 minute interval.
2024-08-30 03:50:04,532 INFO: Updated data for BTCUSDT at 5 minute interval.
2024-08-30 03:55:05,263 INFO: Updated data for BTCUSDT at 5 minute interval.
2024-08-30 04:00:02,351 INFO: Updated data for BTCUSDT at 5 minute interval.
2024-08-30 04:00:03,014 INFO: Updated data for BTCUSDT at 15 minute interval.
2024-08-30 04:00:03,748 INFO: Updated data for BTCUSDT at 30 minute interval.
2024-08-30 04:00:04,250 INFO: Updated data for BTCUSDT at 60 minute interval.
2024-08-30 04:05:03,438 INFO: Updated data for BTCUSDT at 5 minute interval.
2024-08-30 04:10:06,739 INFO: Updated data for BTCUSDT at 5 minute interval.
2024-08-30 04:15:04,611 INFO: Updated data for BTCUSDT at 5 minute interval.
2024-08-30 04:15:05,704 INFO: Updated data for BTCUSDT at 15 minute interval.
2024-08-30 04:20:05,740 INFO: Updated data for BTCUSDT at 5 minute interval.
2024-08-30 04:25:02,925 INFO: Updated data for BTCUSDT at 5 minute interval.
2024-08-30 04:30:08,163 INFO: Updated data for BTCUSDT at 5 minute interval.
2024-08-30 04:30:08,846 INFO: Updated data for BTCUSDT at 15 minute interval.
2024-08-30 04:30:09,461 INFO: Updated data for BTCUSDT at 30 minute interval.
2024-10-18 19:11:18,268 INFO: Loading model from /home/tikeda/workspace/trade/AI_DayTrading/data/data_rolling/rolling_BTC_ETH_SOL_BNB_60_model_roc1.keras
2024-10-18 19:11:23,808 INFO: Loading scaler from /home/tikeda/workspace/trade/AI_DayTrading/data/data_rolling/rolling_BTC_ETH_SOL_BNB_60_model_roc1.scaler
2024-10-18 19:11:23,809 INFO: Loading model from /home/tikeda/workspace/trade/AI_DayTrading/data/data_rolling/rolling_BTC_ETH_SOL_BNB_60_model_ema1.keras
2024-10-18 19:11:28,860 INFO: Loading scaler from /home/tikeda/workspace/trade/AI_DayTrading/data/data_rolling/rolling_BTC_ETH_SOL_BNB_60_model_ema1.scaler
2024-10-18 19:11:28,861 INFO: Loading model from /home/tikeda/workspace/trade/AI_DayTrading/data/data_rolling/rolling_BTC_ETH_SOL_BNB_60_model_macd1.keras
2024-10-18 19:11:33,933 INFO: Loading scaler from /home/tikeda/workspace/trade/AI_DayTrading/data/data_rolling/rolling_BTC_ETH_SOL_BNB_60_model_macd1.scaler
2024-10-18 19:11:33,933 INFO: Loading model from /home/tikeda/workspace/trade/AI_DayTrading/data/data_rolling/rolling_BTC_ETH_SOL_BNB_60_120_240_720_model_mfi1.keras
2024-10-18 19:11:38,962 INFO: Loading scaler from /home/tikeda/workspace/trade/AI_DayTrading/data/data_rolling/rolling_BTC_ETH_SOL_BNB_60_120_240_720_model_mfi1.scaler
2024-10-18 19:11:38,967 INFO: Loading model from /home/tikeda/workspace/trade/AI_DayTrading/data/data_rolling/rolling_BTC_ETH_SOL_BNB_60_120_240_720_model_roc1.keras
2024-10-18 19:11:44,119 INFO: Loading scaler from /home/tikeda/workspace/trade/AI_DayTrading/data/data_rolling/rolling_BTC_ETH_SOL_BNB_60_120_240_720_model_roc1.scaler
2024-10-18 19:11:44,119 INFO: Loading model from /home/tikeda/workspace/trade/AI_DayTrading/data/data_rolling/rolling_BTC_ETH_SOL_BNB_60_120_240_720_model_macd1.keras
2024-10-18 19:11:49,286 INFO: Loading scaler from /home/tikeda/workspace/trade/AI_DayTrading/data/data_rolling/rolling_BTC_ETH_SOL_BNB_60_120_240_720_model_macd1.scaler
2024-10-18 19:11:49,287 INFO: Loading model from /home/tikeda/workspace/trade/AI_DayTrading/data/data_rolling/rolling_BTC_ETH_SOL_BNB_60_120_240_720_model_mfi1.keras
2024-10-18 19:11:54,055 INFO: Loading scaler from /home/tikeda/workspace/trade/AI_DayTrading/data/data_rolling/rolling_BTC_ETH_SOL_BNB_60_120_240_720_model_mfi1.scaler
2024-10-18 19:11:54,055 INFO: Loading model from /home/tikeda/workspace/trade/AI_DayTrading/data/data_rolling/rolling_BTC_ETH_SOL_BNB_60_120_240_720_model_ema1.keras
2024-10-18 19:11:59,144 INFO: Loading scaler from /home/tikeda/workspace/trade/AI_DayTrading/data/data_rolling/rolling_BTC_ETH_SOL_BNB_60_120_240_720_model_ema1.scaler
2024-10-18 19:12:01,367 INFO: Failed to initialize position manager: Failed to set leverage: Failed to retrieve leverage: Failed to get positions: Http status code is not 200. (ErrCode: 401) (ErrTime: 10:12:01).
Request → GET https://api.bybit.com/v5/position/list: category=linear&symbol=BTCUSDT.
2024-10-18 19:12:01,408 INFO: Collection 'BTCUSDT_60_rolling_ai_data' does not exist.
2024-10-18 19:17:04,492 INFO: Loading model from /home/tikeda/workspace/trade/AI_DayTrading/data/data_rolling/rolling_BTC_ETH_SOL_BNB_60_model_roc1.keras
2024-10-18 19:17:09,721 INFO: Loading scaler from /home/tikeda/workspace/trade/AI_DayTrading/data/data_rolling/rolling_BTC_ETH_SOL_BNB_60_model_roc1.scaler
2024-10-18 19:17:09,721 INFO: Loading model from /home/tikeda/workspace/trade/AI_DayTrading/data/data_rolling/rolling_BTC_ETH_SOL_BNB_60_model_ema1.keras
2024-10-18 19:17:14,543 INFO: Loading scaler from /home/tikeda/workspace/trade/AI_DayTrading/data/data_rolling/rolling_BTC_ETH_SOL_BNB_60_model_ema1.scaler
2024-10-18 19:17:14,544 INFO: Loading model from /home/tikeda/workspace/trade/AI_DayTrading/data/data_rolling/rolling_BTC_ETH_SOL_BNB_60_model_macd1.keras
2024-10-18 19:17:19,472 INFO: Loading scaler from /home/tikeda/workspace/trade/AI_DayTrading/data/data_rolling/rolling_BTC_ETH_SOL_BNB_60_model_macd1.scaler
2024-10-18 19:17:19,473 INFO: Loading model from /home/tikeda/workspace/trade/AI_DayTrading/data/data_rolling/rolling_BTC_ETH_SOL_BNB_60_120_240_720_model_mfi1.keras
2024-10-18 19:17:24,293 INFO: Loading scaler from /home/tikeda/workspace/trade/AI_DayTrading/data/data_rolling/rolling_BTC_ETH_SOL_BNB_60_120_240_720_model_mfi1.scaler
2024-10-18 19:17:24,298 INFO: Loading model from /home/tikeda/workspace/trade/AI_DayTrading/data/data_rolling/rolling_BTC_ETH_SOL_BNB_60_120_240_720_model_roc1.keras
2024-10-18 19:17:29,135 INFO: Loading scaler from /home/tikeda/workspace/trade/AI_DayTrading/data/data_rolling/rolling_BTC_ETH_SOL_BNB_60_120_240_720_model_roc1.scaler
2024-10-18 19:17:29,135 INFO: Loading model from /home/tikeda/workspace/trade/AI_DayTrading/data/data_rolling/rolling_BTC_ETH_SOL_BNB_60_120_240_720_model_macd1.keras
2024-10-18 19:17:34,030 INFO: Loading scaler from /home/tikeda/workspace/trade/AI_DayTrading/data/data_rolling/rolling_BTC_ETH_SOL_BNB_60_120_240_720_model_macd1.scaler
2024-10-18 19:17:34,031 INFO: Loading model from /home/tikeda/workspace/trade/AI_DayTrading/data/data_rolling/rolling_BTC_ETH_SOL_BNB_60_120_240_720_model_mfi1.keras
2024-10-18 19:17:38,858 INFO: Loading scaler from /home/tikeda/workspace/trade/AI_DayTrading/data/data_rolling/rolling_BTC_ETH_SOL_BNB_60_120_240_720_model_mfi1.scaler
2024-10-18 19:17:38,858 INFO: Loading model from /home/tikeda/workspace/trade/AI_DayTrading/data/data_rolling/rolling_BTC_ETH_SOL_BNB_60_120_240_720_model_ema1.keras
2024-10-18 19:17:43,695 INFO: Loading scaler from /home/tikeda/workspace/trade/AI_DayTrading/data/data_rolling/rolling_BTC_ETH_SOL_BNB_60_120_240_720_model_ema1.scaler
2024-10-18 19:17:46,361 INFO: Collection 'BTCUSDT_60_rolling_ai_data' exists.
2024-10-18 19:17:46,368 INFO: Collection 'rolling_ai_data' dropped successfully.
2024-10-18 19:27:03,157 INFO: Loading model from /home/tikeda/workspace/trade/AI_DayTrading/data/data_rolling/rolling_BTC_ETH_SOL_BNB_60_model_roc1.keras
2024-10-18 19:27:08,266 INFO: Loading scaler from /home/tikeda/workspace/trade/AI_DayTrading/data/data_rolling/rolling_BTC_ETH_SOL_BNB_60_model_roc1.scaler
2024-10-18 19:27:08,266 INFO: Loading model from /home/tikeda/workspace/trade/AI_DayTrading/data/data_rolling/rolling_BTC_ETH_SOL_BNB_60_model_ema1.keras
2024-10-18 19:28:05,519 INFO: Loading model from /home/tikeda/workspace/trade/AI_DayTrading/data/data_rolling/rolling_BTC_ETH_SOL_BNB_60_model_roc1.keras
2024-10-18 19:28:10,669 INFO: Loading scaler from /home/tikeda/workspace/trade/AI_DayTrading/data/data_rolling/rolling_BTC_ETH_SOL_BNB_60_model_roc1.scaler
2024-10-18 19:28:10,669 INFO: Loading model from /home/tikeda/workspace/trade/AI_DayTrading/data/data_rolling/rolling_BTC_ETH_SOL_BNB_60_model_ema1.keras
2024-10-18 19:28:15,569 INFO: Loading scaler from /home/tikeda/workspace/trade/AI_DayTrading/data/data_rolling/rolling_BTC_ETH_SOL_BNB_60_model_ema1.scaler
2024-10-18 19:28:15,569 INFO: Loading model from /home/tikeda/workspace/trade/AI_DayTrading/data/data_rolling/rolling_BTC_ETH_SOL_BNB_60_model_macd1.keras
2024-10-18 19:28:20,470 INFO: Loading scaler from /home/tikeda/workspace/trade/AI_DayTrading/data/data_rolling/rolling_BTC_ETH_SOL_BNB_60_model_macd1.scaler
2024-10-18 19:28:20,470 INFO: Loading model from /home/tikeda/workspace/trade/AI_DayTrading/data/data_rolling/rolling_BTC_ETH_SOL_BNB_60_120_240_720_model_mfi1.keras
2024-10-18 19:28:25,218 INFO: Loading scaler from /home/tikeda/workspace/trade/AI_DayTrading/data/data_rolling/rolling_BTC_ETH_SOL_BNB_60_120_240_720_model_mfi1.scaler
2024-10-18 19:28:25,222 INFO: Loading model from /home/tikeda/workspace/trade/AI_DayTrading/data/data_rolling/rolling_BTC_ETH_SOL_BNB_60_120_240_720_model_roc1.keras
2024-10-18 19:28:29,975 INFO: Loading scaler from /home/tikeda/workspace/trade/AI_DayTrading/data/data_rolling/rolling_BTC_ETH_SOL_BNB_60_120_240_720_model_roc1.scaler
2024-10-18 19:28:29,976 INFO: Loading model from /home/tikeda/workspace/trade/AI_DayTrading/data/data_rolling/rolling_BTC_ETH_SOL_BNB_60_120_240_720_model_macd1.keras
2024-10-18 19:28:34,786 INFO: Loading scaler from /home/tikeda/workspace/trade/AI_DayTrading/data/data_rolling/rolling_BTC_ETH_SOL_BNB_60_120_240_720_model_macd1.scaler
2024-10-18 19:28:34,787 INFO: Loading model from /home/tikeda/workspace/trade/AI_DayTrading/data/data_rolling/rolling_BTC_ETH_SOL_BNB_60_120_240_720_model_mfi1.keras
2024-10-18 19:28:39,698 INFO: Loading scaler from /home/tikeda/workspace/trade/AI_DayTrading/data/data_rolling/rolling_BTC_ETH_SOL_BNB_60_120_240_720_model_mfi1.scaler
2024-10-18 19:28:39,698 INFO: Loading model from /home/tikeda/workspace/trade/AI_DayTrading/data/data_rolling/rolling_BTC_ETH_SOL_BNB_60_120_240_720_model_ema1.keras
2024-10-18 19:28:44,648 INFO: Loading scaler from /home/tikeda/workspace/trade/AI_DayTrading/data/data_rolling/rolling_BTC_ETH_SOL_BNB_60_120_240_720_model_ema1.scaler
2024-10-18 19:28:47,245 INFO: Collection 'BTCUSDT_15_rolling_ai_data' does not exist.
2024-10-18 19:30:01,972 INFO: Updated data for BTCUSDT at 15 minute interval.
2024-10-18 19:30:03,170 INFO: Updated data for BTCUSDT at 30 minute interval.
2024-10-18 19:45:03,204 INFO: Updated data for BTCUSDT at 15 minute interval.
2024-10-18 19:49:53,862 INFO: Loading model from /home/tikeda/workspace/trade/AI_DayTrading/data/data_rolling/rolling_BTC_ETH_SOL_BNB_60_model_roc1.keras
2024-10-18 19:49:59,142 INFO: Loading scaler from /home/tikeda/workspace/trade/AI_DayTrading/data/data_rolling/rolling_BTC_ETH_SOL_BNB_60_model_roc1.scaler
2024-10-18 19:49:59,143 INFO: Loading model from /home/tikeda/workspace/trade/AI_DayTrading/data/data_rolling/rolling_BTC_ETH_SOL_BNB_60_model_ema1.keras
2024-10-18 19:50:04,105 INFO: Loading scaler from /home/tikeda/workspace/trade/AI_DayTrading/data/data_rolling/rolling_BTC_ETH_SOL_BNB_60_model_ema1.scaler
2024-10-18 19:50:04,105 INFO: Loading model from /home/tikeda/workspace/trade/AI_DayTrading/data/data_rolling/rolling_BTC_ETH_SOL_BNB_60_model_macd1.keras
2024-10-18 19:50:09,129 INFO: Loading scaler from /home/tikeda/workspace/trade/AI_DayTrading/data/data_rolling/rolling_BTC_ETH_SOL_BNB_60_model_macd1.scaler
2024-10-18 19:50:09,129 INFO: Loading model from /home/tikeda/workspace/trade/AI_DayTrading/data/data_rolling/rolling_BTC_ETH_SOL_BNB_60_120_240_720_model_mfi1.keras
2024-10-18 19:50:14,092 INFO: Loading scaler from /home/tikeda/workspace/trade/AI_DayTrading/data/data_rolling/rolling_BTC_ETH_SOL_BNB_60_120_240_720_model_mfi1.scaler
2024-10-18 19:50:14,096 INFO: Loading model from /home/tikeda/workspace/trade/AI_DayTrading/data/data_rolling/rolling_BTC_ETH_SOL_BNB_60_120_240_720_model_roc1.keras
2024-10-18 19:50:19,091 INFO: Loading scaler from /home/tikeda/workspace/trade/AI_DayTrading/data/data_rolling/rolling_BTC_ETH_SOL_BNB_60_120_240_720_model_roc1.scaler
2024-10-18 19:50:19,092 INFO: Loading model from /home/tikeda/workspace/trade/AI_DayTrading/data/data_rolling/rolling_BTC_ETH_SOL_BNB_60_120_240_720_model_macd1.keras
2024-10-18 19:50:24,106 INFO: Loading scaler from /home/tikeda/workspace/trade/AI_DayTrading/data/data_rolling/rolling_BTC_ETH_SOL_BNB_60_120_240_720_model_macd1.scaler
2024-10-18 19:50:24,106 INFO: Loading model from /home/tikeda/workspace/trade/AI_DayTrading/data/data_rolling/rolling_BTC_ETH_SOL_BNB_60_120_240_720_model_mfi1.keras
2024-10-18 19:50:29,189 INFO: Loading scaler from /home/tikeda/workspace/trade/AI_DayTrading/data/data_rolling/rolling_BTC_ETH_SOL_BNB_60_120_240_720_model_mfi1.scaler
2024-10-18 19:50:29,189 INFO: Loading model from /home/tikeda/workspace/trade/AI_DayTrading/data/data_rolling/rolling_BTC_ETH_SOL_BNB_60_120_240_720_model_ema1.keras
2024-10-18 19:50:34,114 INFO: Loading scaler from /home/tikeda/workspace/trade/AI_DayTrading/data/data_rolling/rolling_BTC_ETH_SOL_BNB_60_120_240_720_model_ema1.scaler
2024-10-18 19:50:34,310 INFO: Collection 'BTCUSDT_15_rolling_ai_data' exists.
2024-10-18 19:50:34,327 INFO: Collection 'rolling_ai_data' dropped successfully.
2024-10-18 20:00:02,527 INFO: Updated data for BTCUSDT at 60 minute interval.
2024-10-18 20:00:09,110 INFO: Updated data for BTCUSDT at 15 minute interval.
2024-10-18 20:00:09,955 INFO: Updated data for BTCUSDT at 30 minute interval.
2024-10-18 20:03:28,796 INFO: Loading model from /home/tikeda/workspace/trade/AI_DayTrading/data/data_rolling/rolling_BTC_ETH_SOL_BNB_60_model_roc1.keras
2024-10-18 20:03:33,987 INFO: Loading scaler from /home/tikeda/workspace/trade/AI_DayTrading/data/data_rolling/rolling_BTC_ETH_SOL_BNB_60_model_roc1.scaler
2024-10-18 20:03:33,988 INFO: Loading model from /home/tikeda/workspace/trade/AI_DayTrading/data/data_rolling/rolling_BTC_ETH_SOL_BNB_60_model_ema1.keras
2024-10-18 20:03:38,968 INFO: Loading scaler from /home/tikeda/workspace/trade/AI_DayTrading/data/data_rolling/rolling_BTC_ETH_SOL_BNB_60_model_ema1.scaler
2024-10-18 20:03:38,968 INFO: Loading model from /home/tikeda/workspace/trade/AI_DayTrading/data/data_rolling/rolling_BTC_ETH_SOL_BNB_60_model_macd1.keras
2024-10-18 20:03:43,952 INFO: Loading scaler from /home/tikeda/workspace/trade/AI_DayTrading/data/data_rolling/rolling_BTC_ETH_SOL_BNB_60_model_macd1.scaler
2024-10-18 20:03:43,952 INFO: Loading model from /home/tikeda/workspace/trade/AI_DayTrading/data/data_rolling/rolling_BTC_ETH_SOL_BNB_60_120_240_720_model_mfi1.keras
2024-10-18 20:03:48,838 INFO: Loading scaler from /home/tikeda/workspace/trade/AI_DayTrading/data/data_rolling/rolling_BTC_ETH_SOL_BNB_60_120_240_720_model_mfi1.scaler
2024-10-18 20:03:48,842 INFO: Loading model from /home/tikeda/workspace/trade/AI_DayTrading/data/data_rolling/rolling_BTC_ETH_SOL_BNB_60_120_240_720_model_roc1.keras
2024-10-18 20:03:53,743 INFO: Loading scaler from /home/tikeda/workspace/trade/AI_DayTrading/data/data_rolling/rolling_BTC_ETH_SOL_BNB_60_120_240_720_model_roc1.scaler
2024-10-18 20:03:53,744 INFO: Loading model from /home/tikeda/workspace/trade/AI_DayTrading/data/data_rolling/rolling_BTC_ETH_SOL_BNB_60_120_240_720_model_macd1.keras
2024-10-18 20:03:58,616 INFO: Loading scaler from /home/tikeda/workspace/trade/AI_DayTrading/data/data_rolling/rolling_BTC_ETH_SOL_BNB_60_120_240_720_model_macd1.scaler
2024-10-18 20:03:58,617 INFO: Loading model from /home/tikeda/workspace/trade/AI_DayTrading/data/data_rolling/rolling_BTC_ETH_SOL_BNB_60_120_240_720_model_mfi1.keras
2024-10-18 20:04:03,505 INFO: Loading scaler from /home/tikeda/workspace/trade/AI_DayTrading/data/data_rolling/rolling_BTC_ETH_SOL_BNB_60_120_240_720_model_mfi1.scaler
2024-10-18 20:04:03,505 INFO: Loading model from /home/tikeda/workspace/trade/AI_DayTrading/data/data_rolling/rolling_BTC_ETH_SOL_BNB_60_120_240_720_model_ema1.keras
2024-10-18 20:04:08,491 INFO: Loading scaler from /home/tikeda/workspace/trade/AI_DayTrading/data/data_rolling/rolling_BTC_ETH_SOL_BNB_60_120_240_720_model_ema1.scaler
2024-10-18 20:04:08,746 INFO: Collection 'BTCUSDT_15_rolling_ai_data' exists.
2024-10-18 20:04:08,751 INFO: Collection 'rolling_ai_data' dropped successfully.
2024-10-18 20:15:08,250 INFO: Updated data for BTCUSDT at 15 minute interval.
2024-10-18 20:30:01,626 INFO: Updated data for BTCUSDT at 15 minute interval.
2024-10-18 20:30:02,748 INFO: Updated data for BTCUSDT at 30 minute interval.
2024-10-18 20:45:03,941 INFO: Updated data for BTCUSDT at 15 minute interval.
2024-10-18 21:00:08,488 INFO: Updated data for BTCUSDT at 15 minute interval.
2024-10-18 21:00:09,392 INFO: Updated data for BTCUSDT at 30 minute interval.
2024-10-18 21:00:09,901 INFO: Updated data for BTCUSDT at 60 minute interval.
2024-10-18 21:00:10,242 INFO: Updated data for BTCUSDT at 120 minute interval.
2024-10-18 21:00:10,508 INFO: Updated data for BTCUSDT at 240 minute interval.
2024-10-18 21:00:10,739 INFO: Updated data for BTCUSDT at 720 minute interval.
2024-10-18 21:15:06,287 INFO: Updated data for BTCUSDT at 15 minute interval.
2024-10-18 21:30:03,968 INFO: Updated data for BTCUSDT at 15 minute interval.
2024-10-18 21:30:04,768 INFO: Updated data for BTCUSDT at 30 minute interval.
2024-10-18 21:45:04,639 INFO: Updated data for BTCUSDT at 15 minute interval.
2024-10-18 22:00:03,557 INFO: Updated data for BTCUSDT at 15 minute interval.
2024-10-18 22:00:04,410 INFO: Updated data for BTCUSDT at 30 minute interval.
2024-10-18 22:00:04,881 INFO: Updated data for BTCUSDT at 60 minute interval.
2024-10-18 22:15:08,895 INFO: Updated data for BTCUSDT at 15 minute interval.
2024-10-18 22:30:04,858 INFO: Updated data for BTCUSDT at 15 minute interval.
2024-10-18 22:30:06,130 INFO: Updated data for BTCUSDT at 30 minute interval.
2024-10-18 22:45:03,580 INFO: Updated data for BTCUSDT at 15 minute interval.
2024-10-18 23:00:07,495 INFO: Updated data for BTCUSDT at 15 minute interval.
2024-10-18 23:00:08,220 INFO: Updated data for BTCUSDT at 30 minute interval.
2024-10-18 23:00:08,819 INFO: Updated data for BTCUSDT at 60 minute interval.
2024-10-18 23:00:09,058 INFO: Updated data for BTCUSDT at 120 minute interval.
2024-10-18 23:15:06,102 INFO: Updated data for BTCUSDT at 15 minute interval.
2024-10-18 23:30:03,690 INFO: Updated data for BTCUSDT at 15 minute interval.
2024-10-18 23:30:04,520 INFO: Updated data for BTCUSDT at 30 minute interval.
2024-10-18 23:45:03,171 INFO: Updated data for BTCUSDT at 15 minute interval.
2024-10-19 00:00:06,548 INFO: Updated data for BTCUSDT at 15 minute interval.
2024-10-19 00:00:07,434 INFO: Updated data for BTCUSDT at 30 minute interval.
2024-10-19 00:00:07,978 INFO: Updated data for BTCUSDT at 60 minute interval.
2024-10-19 00:15:04,893 INFO: Updated data for BTCUSDT at 15 minute interval.
2024-10-19 00:30:02,492 INFO: Updated data for BTCUSDT at 15 minute interval.
2024-10-19 00:30:03,247 INFO: Updated data for BTCUSDT at 30 minute interval.
2024-10-19 00:45:03,841 INFO: Updated data for BTCUSDT at 15 minute interval.
2024-10-19 01:00:06,171 INFO: Updated data for BTCUSDT at 15 minute interval.
2024-10-19 01:28:22,050 INFO: Loading model from /home/tikeda/workspace/trade/AI_DayTrading/data/data_rolling/rolling_BTC_ETH_SOL_BNB_60_model_roc1.keras
2024-10-19 01:28:27,178 INFO: Loading scaler from /home/tikeda/workspace/trade/AI_DayTrading/data/data_rolling/rolling_BTC_ETH_SOL_BNB_60_model_roc1.scaler
2024-10-19 01:28:27,178 INFO: Loading model from /home/tikeda/workspace/trade/AI_DayTrading/data/data_rolling/rolling_BTC_ETH_SOL_BNB_60_model_ema1.keras
2024-10-19 01:28:31,991 INFO: Loading scaler from /home/tikeda/workspace/trade/AI_DayTrading/data/data_rolling/rolling_BTC_ETH_SOL_BNB_60_model_ema1.scaler
2024-10-19 01:28:31,991 INFO: Loading model from /home/tikeda/workspace/trade/AI_DayTrading/data/data_rolling/rolling_BTC_ETH_SOL_BNB_60_model_macd1.keras
2024-10-19 01:28:37,043 INFO: Loading scaler from /home/tikeda/workspace/trade/AI_DayTrading/data/data_rolling/rolling_BTC_ETH_SOL_BNB_60_model_macd1.scaler
2024-10-19 01:28:37,044 INFO: Loading model from /home/tikeda/workspace/trade/AI_DayTrading/data/data_rolling/rolling_BTC_ETH_SOL_BNB_60_120_240_720_model_mfi1.keras
2024-10-19 01:28:41,836 INFO: Loading scaler from /home/tikeda/workspace/trade/AI_DayTrading/data/data_rolling/rolling_BTC_ETH_SOL_BNB_60_120_240_720_model_mfi1.scaler
2024-10-19 01:28:41,841 INFO: Loading model from /home/tikeda/workspace/trade/AI_DayTrading/data/data_rolling/rolling_BTC_ETH_SOL_BNB_60_120_240_720_model_roc1.keras
2024-10-19 01:28:46,711 INFO: Loading scaler from /home/tikeda/workspace/trade/AI_DayTrading/data/data_rolling/rolling_BTC_ETH_SOL_BNB_60_120_240_720_model_roc1.scaler
2024-10-19 01:28:46,711 INFO: Loading model from /home/tikeda/workspace/trade/AI_DayTrading/data/data_rolling/rolling_BTC_ETH_SOL_BNB_60_120_240_720_model_macd1.keras
2024-10-19 01:28:51,523 INFO: Loading scaler from /home/tikeda/workspace/trade/AI_DayTrading/data/data_rolling/rolling_BTC_ETH_SOL_BNB_60_120_240_720_model_macd1.scaler
2024-10-19 01:28:51,523 INFO: Loading model from /home/tikeda/workspace/trade/AI_DayTrading/data/data_rolling/rolling_BTC_ETH_SOL_BNB_60_120_240_720_model_mfi1.keras
2024-10-19 01:28:56,523 INFO: Loading scaler from /home/tikeda/workspace/trade/AI_DayTrading/data/data_rolling/rolling_BTC_ETH_SOL_BNB_60_120_240_720_model_mfi1.scaler
2024-10-19 01:28:56,524 INFO: Loading model from /home/tikeda/workspace/trade/AI_DayTrading/data/data_rolling/rolling_BTC_ETH_SOL_BNB_60_120_240_720_model_ema1.keras
2024-10-19 01:29:01,487 INFO: Loading scaler from /home/tikeda/workspace/trade/AI_DayTrading/data/data_rolling/rolling_BTC_ETH_SOL_BNB_60_120_240_720_model_ema1.scaler
2024-10-19 01:29:03,915 INFO: Collection 'BTCUSDT_15_rolling_ai_data' exists.
2024-10-19 01:29:03,919 INFO: Collection 'rolling_ai_data' dropped successfully.
2024-10-19 01:29:05,529 INFO: Updated data for BTCUSDT at 15 minute interval.
2024-10-19 01:29:06,338 INFO: Updated data for BTCUSDT at 30 minute interval.
2024-10-19 01:29:06,871 INFO: Updated data for BTCUSDT at 60 minute interval.
2024-10-19 01:29:07,252 INFO: Updated data for BTCUSDT at 120 minute interval.
2024-10-19 01:29:07,551 INFO: Updated data for BTCUSDT at 240 minute interval.
2024-10-19 01:30:03,070 INFO: Updated data for BTCUSDT at 15 minute interval.
2024-10-19 01:30:03,938 INFO: Updated data for BTCUSDT at 30 minute interval.
2024-10-19 01:30:56,072 INFO: Loading model from /home/tikeda/workspace/trade/AI_DayTrading/data/data_rolling/rolling_BTC_ETH_SOL_BNB_60_model_roc1.keras
2024-10-19 01:31:01,276 INFO: Loading scaler from /home/tikeda/workspace/trade/AI_DayTrading/data/data_rolling/rolling_BTC_ETH_SOL_BNB_60_model_roc1.scaler
2024-10-19 01:31:01,276 INFO: Loading model from /home/tikeda/workspace/trade/AI_DayTrading/data/data_rolling/rolling_BTC_ETH_SOL_BNB_60_model_ema1.keras
2024-10-19 01:31:06,172 INFO: Loading scaler from /home/tikeda/workspace/trade/AI_DayTrading/data/data_rolling/rolling_BTC_ETH_SOL_BNB_60_model_ema1.scaler
2024-10-19 01:31:06,172 INFO: Loading model from /home/tikeda/workspace/trade/AI_DayTrading/data/data_rolling/rolling_BTC_ETH_SOL_BNB_60_model_macd1.keras
2024-10-19 01:31:11,284 INFO: Loading scaler from /home/tikeda/workspace/trade/AI_DayTrading/data/data_rolling/rolling_BTC_ETH_SOL_BNB_60_model_macd1.scaler
2024-10-19 01:31:11,284 INFO: Loading model from /home/tikeda/workspace/trade/AI_DayTrading/data/data_rolling/rolling_BTC_ETH_SOL_BNB_60_120_240_720_model_mfi1.keras
2024-10-19 01:31:16,318 INFO: Loading scaler from /home/tikeda/workspace/trade/AI_DayTrading/data/data_rolling/rolling_BTC_ETH_SOL_BNB_60_120_240_720_model_mfi1.scaler
2024-10-19 01:31:16,323 INFO: Loading model from /home/tikeda/workspace/trade/AI_DayTrading/data/data_rolling/rolling_BTC_ETH_SOL_BNB_60_120_240_720_model_roc1.keras
2024-10-19 01:31:21,324 INFO: Loading scaler from /home/tikeda/workspace/trade/AI_DayTrading/data/data_rolling/rolling_BTC_ETH_SOL_BNB_60_120_240_720_model_roc1.scaler
2024-10-19 01:31:21,325 INFO: Loading model from /home/tikeda/workspace/trade/AI_DayTrading/data/data_rolling/rolling_BTC_ETH_SOL_BNB_60_120_240_720_model_macd1.keras
2024-10-19 01:31:26,246 INFO: Loading scaler from /home/tikeda/workspace/trade/AI_DayTrading/data/data_rolling/rolling_BTC_ETH_SOL_BNB_60_120_240_720_model_macd1.scaler
2024-10-19 01:31:26,247 INFO: Loading model from /home/tikeda/workspace/trade/AI_DayTrading/data/data_rolling/rolling_BTC_ETH_SOL_BNB_60_120_240_720_model_mfi1.keras
2024-10-19 01:31:31,168 INFO: Loading scaler from /home/tikeda/workspace/trade/AI_DayTrading/data/data_rolling/rolling_BTC_ETH_SOL_BNB_60_120_240_720_model_mfi1.scaler
2024-10-19 01:31:31,168 INFO: Loading model from /home/tikeda/workspace/trade/AI_DayTrading/data/data_rolling/rolling_BTC_ETH_SOL_BNB_60_120_240_720_model_ema1.keras
2024-10-19 01:31:36,148 INFO: Loading scaler from /home/tikeda/workspace/trade/AI_DayTrading/data/data_rolling/rolling_BTC_ETH_SOL_BNB_60_120_240_720_model_ema1.scaler
2024-10-19 01:31:36,441 INFO: Collection 'BTCUSDT_15_rolling_ai_data' exists.
2024-10-19 01:31:36,447 INFO: Collection 'rolling_ai_data' dropped successfully.
2024-10-19 01:45:06,629 INFO: Updated data for BTCUSDT at 15 minute interval.
2024-10-19 02:00:04,323 INFO: Updated data for BTCUSDT at 15 minute interval.
2024-10-19 02:00:05,539 INFO: Updated data for BTCUSDT at 30 minute interval.
2024-10-19 02:00:06,102 INFO: Updated data for BTCUSDT at 60 minute interval.
2024-10-19 02:15:04,248 INFO: Updated data for BTCUSDT at 15 minute interval.
2024-10-19 02:25:02,554 INFO: Loading model from /home/tikeda/workspace/trade/AI_DayTrading/data/data_rolling/rolling_BTC_ETH_SOL_BNB_60_model_roc1.keras
2024-10-19 02:25:07,811 INFO: Loading scaler from /home/tikeda/workspace/trade/AI_DayTrading/data/data_rolling/rolling_BTC_ETH_SOL_BNB_60_model_roc1.scaler
2024-10-19 02:25:07,812 INFO: Loading model from /home/tikeda/workspace/trade/AI_DayTrading/data/data_rolling/rolling_BTC_ETH_SOL_BNB_60_model_ema1.keras
2024-10-19 02:25:12,792 INFO: Loading scaler from /home/tikeda/workspace/trade/AI_DayTrading/data/data_rolling/rolling_BTC_ETH_SOL_BNB_60_model_ema1.scaler
2024-10-19 02:25:12,792 INFO: Loading model from /home/tikeda/workspace/trade/AI_DayTrading/data/data_rolling/rolling_BTC_ETH_SOL_BNB_60_model_macd1.keras
2024-10-19 02:25:17,773 INFO: Loading scaler from /home/tikeda/workspace/trade/AI_DayTrading/data/data_rolling/rolling_BTC_ETH_SOL_BNB_60_model_macd1.scaler
2024-10-19 02:25:17,774 INFO: Loading model from /home/tikeda/workspace/trade/AI_DayTrading/data/data_rolling/rolling_BTC_ETH_SOL_BNB_60_120_240_720_model_mfi1.keras
2024-10-19 02:25:22,674 INFO: Loading scaler from /home/tikeda/workspace/trade/AI_DayTrading/data/data_rolling/rolling_BTC_ETH_SOL_BNB_60_120_240_720_model_mfi1.scaler
2024-10-19 02:25:22,678 INFO: Loading model from /home/tikeda/workspace/trade/AI_DayTrading/data/data_rolling/rolling_BTC_ETH_SOL_BNB_60_120_240_720_model_roc1.keras
2024-10-19 02:25:27,663 INFO: Loading scaler from /home/tikeda/workspace/trade/AI_DayTrading/data/data_rolling/rolling_BTC_ETH_SOL_BNB_60_120_240_720_model_roc1.scaler
2024-10-19 02:25:27,663 INFO: Loading model from /home/tikeda/workspace/trade/AI_DayTrading/data/data_rolling/rolling_BTC_ETH_SOL_BNB_60_120_240_720_model_macd1.keras
2024-10-19 02:25:32,679 INFO: Loading scaler from /home/tikeda/workspace/trade/AI_DayTrading/data/data_rolling/rolling_BTC_ETH_SOL_BNB_60_120_240_720_model_macd1.scaler
2024-10-19 02:25:32,679 INFO: Loading model from /home/tikeda/workspace/trade/AI_DayTrading/data/data_rolling/rolling_BTC_ETH_SOL_BNB_60_120_240_720_model_mfi1.keras
2024-10-19 02:25:37,552 INFO: Loading scaler from /home/tikeda/workspace/trade/AI_DayTrading/data/data_rolling/rolling_BTC_ETH_SOL_BNB_60_120_240_720_model_mfi1.scaler
2024-10-19 02:25:37,552 INFO: Loading model from /home/tikeda/workspace/trade/AI_DayTrading/data/data_rolling/rolling_BTC_ETH_SOL_BNB_60_120_240_720_model_ema1.keras
2024-10-19 02:25:42,428 INFO: Loading scaler from /home/tikeda/workspace/trade/AI_DayTrading/data/data_rolling/rolling_BTC_ETH_SOL_BNB_60_120_240_720_model_ema1.scaler
2024-10-19 02:25:43,051 INFO: Collection 'BTCUSDT_15_rolling_ai_data' exists.
2024-10-19 02:25:43,056 INFO: Collection 'rolling_ai_data' dropped successfully.
2024-10-19 02:27:57,930 INFO: Loading model from /home/tikeda/workspace/trade/AI_DayTrading/data/data_rolling/rolling_BTC_ETH_SOL_BNB_60_model_roc1.keras
2024-10-19 02:28:03,252 INFO: Loading scaler from /home/tikeda/workspace/trade/AI_DayTrading/data/data_rolling/rolling_BTC_ETH_SOL_BNB_60_model_roc1.scaler
2024-10-19 02:28:03,252 INFO: Loading model from /home/tikeda/workspace/trade/AI_DayTrading/data/data_rolling/rolling_BTC_ETH_SOL_BNB_60_model_atr1.keras
2024-10-19 02:28:08,998 INFO: Loading scaler from /home/tikeda/workspace/trade/AI_DayTrading/data/data_rolling/rolling_BTC_ETH_SOL_BNB_60_model_atr1.scaler
2024-10-19 02:28:08,999 INFO: Loading model from /home/tikeda/workspace/trade/AI_DayTrading/data/data_rolling/rolling_BTC_ETH_SOL_BNB_60_model_ema1.keras
2024-10-19 02:28:14,104 INFO: Loading scaler from /home/tikeda/workspace/trade/AI_DayTrading/data/data_rolling/rolling_BTC_ETH_SOL_BNB_60_model_ema1.scaler
2024-10-19 02:28:14,104 INFO: Loading model from /home/tikeda/workspace/trade/AI_DayTrading/data/data_rolling/rolling_BTC_ETH_SOL_BNB_60_model_macd1.keras
2024-10-19 02:28:18,936 INFO: Loading scaler from /home/tikeda/workspace/trade/AI_DayTrading/data/data_rolling/rolling_BTC_ETH_SOL_BNB_60_model_macd1.scaler
2024-10-19 02:28:18,937 INFO: Loading model from /home/tikeda/workspace/trade/AI_DayTrading/data/data_rolling/rolling_BTC_ETH_SOL_BNB_60_120_240_720_model_mfi1.keras
2024-10-19 02:28:23,758 INFO: Loading scaler from /home/tikeda/workspace/trade/AI_DayTrading/data/data_rolling/rolling_BTC_ETH_SOL_BNB_60_120_240_720_model_mfi1.scaler
2024-10-19 02:28:23,764 INFO: Loading model from /home/tikeda/workspace/trade/AI_DayTrading/data/data_rolling/rolling_BTC_ETH_SOL_BNB_60_120_240_720_model_roc1.keras
2024-10-19 02:28:28,579 INFO: Loading scaler from /home/tikeda/workspace/trade/AI_DayTrading/data/data_rolling/rolling_BTC_ETH_SOL_BNB_60_120_240_720_model_roc1.scaler
2024-10-19 02:28:28,579 INFO: Loading model from /home/tikeda/workspace/trade/AI_DayTrading/data/data_rolling/rolling_BTC_ETH_SOL_BNB_60_120_240_720_model_atr1.keras
2024-10-19 02:28:33,785 INFO: Loading scaler from /home/tikeda/workspace/trade/AI_DayTrading/data/data_rolling/rolling_BTC_ETH_SOL_BNB_60_120_240_720_model_atr1.scaler
2024-10-19 02:28:33,786 INFO: Loading model from /home/tikeda/workspace/trade/AI_DayTrading/data/data_rolling/rolling_BTC_ETH_SOL_BNB_60_120_240_720_model_macd1.keras
2024-10-19 02:28:38,778 INFO: Loading scaler from /home/tikeda/workspace/trade/AI_DayTrading/data/data_rolling/rolling_BTC_ETH_SOL_BNB_60_120_240_720_model_macd1.scaler
2024-10-19 02:28:38,779 INFO: Loading model from /home/tikeda/workspace/trade/AI_DayTrading/data/data_rolling/rolling_BTC_ETH_SOL_BNB_60_120_240_720_model_mfi1.keras
2024-10-19 02:28:43,772 INFO: Loading scaler from /home/tikeda/workspace/trade/AI_DayTrading/data/data_rolling/rolling_BTC_ETH_SOL_BNB_60_120_240_720_model_mfi1.scaler
2024-10-19 02:28:43,772 INFO: Loading model from /home/tikeda/workspace/trade/AI_DayTrading/data/data_rolling/rolling_BTC_ETH_SOL_BNB_60_120_240_720_model_ema1.keras
2024-10-19 02:28:48,703 INFO: Loading scaler from /home/tikeda/workspace/trade/AI_DayTrading/data/data_rolling/rolling_BTC_ETH_SOL_BNB_60_120_240_720_model_ema1.scaler
2024-10-19 02:28:48,897 INFO: Collection 'BTCUSDT_15_rolling_ai_data' exists.
2024-10-19 02:28:48,908 INFO: Collection 'rolling_ai_data' dropped successfully.
2024-10-19 02:30:04,183 INFO: Updated data for BTCUSDT at 15 minute interval.
2024-10-19 02:30:13,256 INFO: Updated data for BTCUSDT at 30 minute interval.
2024-10-19 02:45:03,029 INFO: Updated data for BTCUSDT at 15 minute interval.
2024-10-19 03:00:06,278 INFO: Updated data for BTCUSDT at 15 minute interval.
2024-10-19 03:00:07,168 INFO: Updated data for BTCUSDT at 30 minute interval.
2024-10-19 03:00:07,645 INFO: Updated data for BTCUSDT at 60 minute interval.
2024-10-19 03:00:07,947 INFO: Updated data for BTCUSDT at 120 minute interval.
2024-10-19 03:15:03,228 INFO: Updated data for BTCUSDT at 15 minute interval.
2024-10-19 03:30:05,822 INFO: Updated data for BTCUSDT at 15 minute interval.
2024-10-19 03:30:12,214 INFO: Updated data for BTCUSDT at 30 minute interval.
2024-10-19 03:45:02,832 INFO: Updated data for BTCUSDT at 15 minute interval.
2024-10-19 04:00:05,802 INFO: Updated data for BTCUSDT at 15 minute interval.
2024-10-19 04:00:06,684 INFO: Updated data for BTCUSDT at 30 minute interval.
2024-10-19 04:00:07,245 INFO: Updated data for BTCUSDT at 60 minute interval.
2024-10-19 04:15:06,734 INFO: Updated data for BTCUSDT at 15 minute interval.
2024-10-19 11:53:11,751 INFO: Loading model from /home/tikeda/workspace/trade/AI_DayTrading/data/data_rolling/rolling_BTC_ETH_SOL_BNB_60_model_roc1.keras
2024-10-19 11:53:16,950 INFO: Loading scaler from /home/tikeda/workspace/trade/AI_DayTrading/data/data_rolling/rolling_BTC_ETH_SOL_BNB_60_model_roc1.scaler
2024-10-19 11:53:16,950 INFO: Loading model from /home/tikeda/workspace/trade/AI_DayTrading/data/data_rolling/rolling_BTC_ETH_SOL_BNB_60_model_atr1.keras
2024-10-19 11:53:22,296 INFO: Loading scaler from /home/tikeda/workspace/trade/AI_DayTrading/data/data_rolling/rolling_BTC_ETH_SOL_BNB_60_model_atr1.scaler
2024-10-19 11:53:22,296 INFO: Loading model from /home/tikeda/workspace/trade/AI_DayTrading/data/data_rolling/rolling_BTC_ETH_SOL_BNB_60_model_ema1.keras
2024-10-19 11:53:27,366 INFO: Loading scaler from /home/tikeda/workspace/trade/AI_DayTrading/data/data_rolling/rolling_BTC_ETH_SOL_BNB_60_model_ema1.scaler
2024-10-19 11:53:27,366 INFO: Loading model from /home/tikeda/workspace/trade/AI_DayTrading/data/data_rolling/rolling_BTC_ETH_SOL_BNB_60_model_macd1.keras
2024-10-19 11:53:32,330 INFO: Loading scaler from /home/tikeda/workspace/trade/AI_DayTrading/data/data_rolling/rolling_BTC_ETH_SOL_BNB_60_model_macd1.scaler
2024-10-19 11:53:32,330 INFO: Loading model from /home/tikeda/workspace/trade/AI_DayTrading/data/data_rolling/rolling_BTC_ETH_SOL_BNB_60_120_240_720_model_mfi1.keras
2024-10-19 11:53:37,149 INFO: Loading scaler from /home/tikeda/workspace/trade/AI_DayTrading/data/data_rolling/rolling_BTC_ETH_SOL_BNB_60_120_240_720_model_mfi1.scaler
2024-10-19 11:53:37,154 INFO: Loading model from /home/tikeda/workspace/trade/AI_DayTrading/data/data_rolling/rolling_BTC_ETH_SOL_BNB_60_120_240_720_model_roc1.keras
2024-10-19 11:53:42,061 INFO: Loading scaler from /home/tikeda/workspace/trade/AI_DayTrading/data/data_rolling/rolling_BTC_ETH_SOL_BNB_60_120_240_720_model_roc1.scaler
2024-10-19 11:53:42,062 INFO: Loading model from /home/tikeda/workspace/trade/AI_DayTrading/data/data_rolling/rolling_BTC_ETH_SOL_BNB_60_120_240_720_model_atr1.keras
2024-10-19 11:53:47,124 INFO: Loading scaler from /home/tikeda/workspace/trade/AI_DayTrading/data/data_rolling/rolling_BTC_ETH_SOL_BNB_60_120_240_720_model_atr1.scaler
2024-10-19 11:53:47,124 INFO: Loading model from /home/tikeda/workspace/trade/AI_DayTrading/data/data_rolling/rolling_BTC_ETH_SOL_BNB_60_120_240_720_model_macd1.keras
2024-10-19 11:53:51,973 INFO: Loading scaler from /home/tikeda/workspace/trade/AI_DayTrading/data/data_rolling/rolling_BTC_ETH_SOL_BNB_60_120_240_720_model_macd1.scaler
2024-10-19 11:53:51,974 INFO: Loading model from /home/tikeda/workspace/trade/AI_DayTrading/data/data_rolling/rolling_BTC_ETH_SOL_BNB_60_120_240_720_model_mfi1.keras
2024-10-19 11:53:56,771 INFO: Loading scaler from /home/tikeda/workspace/trade/AI_DayTrading/data/data_rolling/rolling_BTC_ETH_SOL_BNB_60_120_240_720_model_mfi1.scaler
2024-10-19 11:53:56,772 INFO: Loading model from /home/tikeda/workspace/trade/AI_DayTrading/data/data_rolling/rolling_BTC_ETH_SOL_BNB_60_120_240_720_model_ema1.keras
2024-10-19 11:54:01,805 INFO: Loading scaler from /home/tikeda/workspace/trade/AI_DayTrading/data/data_rolling/rolling_BTC_ETH_SOL_BNB_60_120_240_720_model_ema1.scaler
2024-10-19 11:54:02,019 INFO: Collection 'BTCUSDT_15_rolling_ai_data' exists.
2024-10-19 11:54:02,024 INFO: Collection 'rolling_ai_data' dropped successfully.
2024-10-19 11:54:03,303 INFO: Updated data for BTCUSDT at 15 minute interval.
2024-10-19 12:03:19,888 INFO: Loading model from /home/tikeda/workspace/trade/AI_DayTrading/data/data_rolling/rolling_BTC_ETH_SOL_BNB_60_model_roc1.keras
2024-10-19 12:03:25,124 INFO: Loading scaler from /home/tikeda/workspace/trade/AI_DayTrading/data/data_rolling/rolling_BTC_ETH_SOL_BNB_60_model_roc1.scaler
2024-10-19 12:03:25,124 INFO: Loading model from /home/tikeda/workspace/trade/AI_DayTrading/data/data_rolling/rolling_BTC_ETH_SOL_BNB_60_model_atr1.keras
2024-10-19 12:03:30,450 INFO: Loading scaler from /home/tikeda/workspace/trade/AI_DayTrading/data/data_rolling/rolling_BTC_ETH_SOL_BNB_60_model_atr1.scaler
2024-10-19 12:03:30,450 INFO: Loading model from /home/tikeda/workspace/trade/AI_DayTrading/data/data_rolling/rolling_BTC_ETH_SOL_BNB_60_model_ema1.keras
2024-10-19 12:03:35,476 INFO: Loading scaler from /home/tikeda/workspace/trade/AI_DayTrading/data/data_rolling/rolling_BTC_ETH_SOL_BNB_60_model_ema1.scaler
2024-10-19 12:03:35,476 INFO: Loading model from /home/tikeda/workspace/trade/AI_DayTrading/data/data_rolling/rolling_BTC_ETH_SOL_BNB_60_model_macd1.keras
2024-10-19 12:03:40,362 INFO: Loading scaler from /home/tikeda/workspace/trade/AI_DayTrading/data/data_rolling/rolling_BTC_ETH_SOL_BNB_60_model_macd1.scaler
2024-10-19 12:03:40,362 INFO: Loading model from /home/tikeda/workspace/trade/AI_DayTrading/data/data_rolling/rolling_BTC_ETH_SOL_BNB_60_120_240_720_model_mfi1.keras
2024-10-19 12:03:45,373 INFO: Loading scaler from /home/tikeda/workspace/trade/AI_DayTrading/data/data_rolling/rolling_BTC_ETH_SOL_BNB_60_120_240_720_model_mfi1.scaler
2024-10-19 12:03:45,378 INFO: Loading model from /home/tikeda/workspace/trade/AI_DayTrading/data/data_rolling/rolling_BTC_ETH_SOL_BNB_60_120_240_720_model_roc1.keras
2024-10-19 12:03:50,270 INFO: Loading scaler from /home/tikeda/workspace/trade/AI_DayTrading/data/data_rolling/rolling_BTC_ETH_SOL_BNB_60_120_240_720_model_roc1.scaler
2024-10-19 12:03:50,271 INFO: Loading model from /home/tikeda/workspace/trade/AI_DayTrading/data/data_rolling/rolling_BTC_ETH_SOL_BNB_60_120_240_720_model_atr1.keras
2024-10-19 12:03:55,349 INFO: Loading scaler from /home/tikeda/workspace/trade/AI_DayTrading/data/data_rolling/rolling_BTC_ETH_SOL_BNB_60_120_240_720_model_atr1.scaler
2024-10-19 12:03:55,349 INFO: Loading model from /home/tikeda/workspace/trade/AI_DayTrading/data/data_rolling/rolling_BTC_ETH_SOL_BNB_60_120_240_720_model_macd1.keras
2024-10-19 12:04:00,349 INFO: Loading scaler from /home/tikeda/workspace/trade/AI_DayTrading/data/data_rolling/rolling_BTC_ETH_SOL_BNB_60_120_240_720_model_macd1.scaler
2024-10-19 12:04:00,350 INFO: Loading model from /home/tikeda/workspace/trade/AI_DayTrading/data/data_rolling/rolling_BTC_ETH_SOL_BNB_60_120_240_720_model_mfi1.keras
2024-10-19 12:04:05,362 INFO: Loading scaler from /home/tikeda/workspace/trade/AI_DayTrading/data/data_rolling/rolling_BTC_ETH_SOL_BNB_60_120_240_720_model_mfi1.scaler
2024-10-19 12:04:05,362 INFO: Loading model from /home/tikeda/workspace/trade/AI_DayTrading/data/data_rolling/rolling_BTC_ETH_SOL_BNB_60_120_240_720_model_ema1.keras
2024-10-19 12:04:10,410 INFO: Loading scaler from /home/tikeda/workspace/trade/AI_DayTrading/data/data_rolling/rolling_BTC_ETH_SOL_BNB_60_120_240_720_model_ema1.scaler
2024-10-19 12:04:10,602 INFO: Collection 'BTCUSDT_15_rolling_ai_data' exists.
2024-10-19 12:04:10,614 INFO: Collection 'rolling_ai_data' dropped successfully.
2024-10-19 12:15:05,562 INFO: Updated data for BTCUSDT at 15 minute interval.
2024-10-19 12:30:01,289 INFO: Updated data for BTCUSDT at 15 minute interval.
2024-10-19 12:30:02,450 INFO: Updated data for BTCUSDT at 30 minute interval.
2024-10-19 12:45:01,231 INFO: Updated data for BTCUSDT at 15 minute interval.
2024-10-19 13:00:01,581 INFO: Updated data for BTCUSDT at 15 minute interval.
2024-10-19 13:00:02,591 INFO: Updated data for BTCUSDT at 30 minute interval.
2024-10-19 13:00:03,010 INFO: Updated data for BTCUSDT at 60 minute interval.
2024-10-19 13:00:03,437 INFO: Updated data for BTCUSDT at 120 minute interval.
2024-10-19 13:00:03,637 INFO: Updated data for BTCUSDT at 240 minute interval.
2024-10-19 13:15:03,213 INFO: Updated data for BTCUSDT at 15 minute interval.
2024-10-19 13:30:07,775 INFO: Updated data for BTCUSDT at 15 minute interval.
2024-10-19 13:51:09,410 INFO: Loading model from /home/tikeda/workspace/trade/AI_DayTrading/data/data_rolling/rolling_BTC_ETH_SOL_BNB_60_model_roc1.keras
2024-10-19 13:51:14,713 INFO: Loading scaler from /home/tikeda/workspace/trade/AI_DayTrading/data/data_rolling/rolling_BTC_ETH_SOL_BNB_60_model_roc1.scaler
2024-10-19 13:51:14,714 INFO: Loading model from /home/tikeda/workspace/trade/AI_DayTrading/data/data_rolling/rolling_BTC_ETH_SOL_BNB_60_model_atr1.keras
2024-10-19 13:51:20,012 INFO: Loading scaler from /home/tikeda/workspace/trade/AI_DayTrading/data/data_rolling/rolling_BTC_ETH_SOL_BNB_60_model_atr1.scaler
2024-10-19 13:51:20,013 INFO: Loading model from /home/tikeda/workspace/trade/AI_DayTrading/data/data_rolling/rolling_BTC_ETH_SOL_BNB_60_model_ema1.keras
2024-10-19 13:51:24,962 INFO: Loading scaler from /home/tikeda/workspace/trade/AI_DayTrading/data/data_rolling/rolling_BTC_ETH_SOL_BNB_60_model_ema1.scaler
2024-10-19 13:51:24,962 INFO: Loading model from /home/tikeda/workspace/trade/AI_DayTrading/data/data_rolling/rolling_BTC_ETH_SOL_BNB_60_model_macd1.keras
2024-10-19 13:51:29,922 INFO: Loading scaler from /home/tikeda/workspace/trade/AI_DayTrading/data/data_rolling/rolling_BTC_ETH_SOL_BNB_60_model_macd1.scaler
2024-10-19 13:51:29,922 INFO: Loading model from /home/tikeda/workspace/trade/AI_DayTrading/data/data_rolling/rolling_BTC_ETH_SOL_BNB_60_120_240_720_model_mfi1.keras
2024-10-19 13:51:34,806 INFO: Loading scaler from /home/tikeda/workspace/trade/AI_DayTrading/data/data_rolling/rolling_BTC_ETH_SOL_BNB_60_120_240_720_model_mfi1.scaler
2024-10-19 13:51:34,812 INFO: Loading model from /home/tikeda/workspace/trade/AI_DayTrading/data/data_rolling/rolling_BTC_ETH_SOL_BNB_60_120_240_720_model_roc1.keras
2024-10-19 13:51:39,783 INFO: Loading scaler from /home/tikeda/workspace/trade/AI_DayTrading/data/data_rolling/rolling_BTC_ETH_SOL_BNB_60_120_240_720_model_roc1.scaler
2024-10-19 13:51:39,783 INFO: Loading model from /home/tikeda/workspace/trade/AI_DayTrading/data/data_rolling/rolling_BTC_ETH_SOL_BNB_60_120_240_720_model_atr1.keras
2024-10-19 13:51:44,920 INFO: Loading scaler from /home/tikeda/workspace/trade/AI_DayTrading/data/data_rolling/rolling_BTC_ETH_SOL_BNB_60_120_240_720_model_atr1.scaler
2024-10-19 13:51:44,921 INFO: Loading model from /home/tikeda/workspace/trade/AI_DayTrading/data/data_rolling/rolling_BTC_ETH_SOL_BNB_60_120_240_720_model_macd1.keras
2024-10-19 13:51:49,967 INFO: Loading scaler from /home/tikeda/workspace/trade/AI_DayTrading/data/data_rolling/rolling_BTC_ETH_SOL_BNB_60_120_240_720_model_macd1.scaler
2024-10-19 13:51:49,967 INFO: Loading model from /home/tikeda/workspace/trade/AI_DayTrading/data/data_rolling/rolling_BTC_ETH_SOL_BNB_60_120_240_720_model_mfi1.keras
2024-10-19 13:51:54,941 INFO: Loading scaler from /home/tikeda/workspace/trade/AI_DayTrading/data/data_rolling/rolling_BTC_ETH_SOL_BNB_60_120_240_720_model_mfi1.scaler
2024-10-19 13:51:54,941 INFO: Loading model from /home/tikeda/workspace/trade/AI_DayTrading/data/data_rolling/rolling_BTC_ETH_SOL_BNB_60_120_240_720_model_ema1.keras
2024-10-19 13:51:59,849 INFO: Loading scaler from /home/tikeda/workspace/trade/AI_DayTrading/data/data_rolling/rolling_BTC_ETH_SOL_BNB_60_120_240_720_model_ema1.scaler
2024-10-19 13:52:00,148 INFO: Collection 'BTCUSDT_15_rolling_ai_data' exists.
2024-10-19 13:52:00,155 INFO: Collection 'rolling_ai_data' dropped successfully.
2024-10-19 13:52:01,428 INFO: Updated data for BTCUSDT at 15 minute interval.
2024-10-19 13:52:11,482 INFO: Updated data for BTCUSDT at 30 minute interval.
2024-10-19 14:00:07,367 INFO: Updated data for BTCUSDT at 15 minute interval.
2024-10-19 14:00:08,686 INFO: Updated data for BTCUSDT at 30 minute interval.
2024-10-19 14:00:09,122 INFO: Updated data for BTCUSDT at 60 minute interval.
2024-10-19 14:15:01,534 INFO: Updated data for BTCUSDT at 15 minute interval.
2024-10-19 14:30:00,935 INFO: Updated data for BTCUSDT at 15 minute interval.
2024-10-19 14:30:02,047 INFO: Updated data for BTCUSDT at 30 minute interval.
2024-10-19 14:32:21,137 INFO: Loading model from /home/tikeda/workspace/trade/AI_DayTrading/data/data_rolling/rolling_BTC_ETH_SOL_BNB_60_model_roc1.keras
2024-10-19 14:32:26,398 INFO: Loading scaler from /home/tikeda/workspace/trade/AI_DayTrading/data/data_rolling/rolling_BTC_ETH_SOL_BNB_60_model_roc1.scaler
2024-10-19 14:32:26,398 INFO: Loading model from /home/tikeda/workspace/trade/AI_DayTrading/data/data_rolling/rolling_BTC_ETH_SOL_BNB_60_model_atr1.keras
2024-10-19 14:32:31,757 INFO: Loading scaler from /home/tikeda/workspace/trade/AI_DayTrading/data/data_rolling/rolling_BTC_ETH_SOL_BNB_60_model_atr1.scaler
2024-10-19 14:32:31,757 INFO: Loading model from /home/tikeda/workspace/trade/AI_DayTrading/data/data_rolling/rolling_BTC_ETH_SOL_BNB_60_model_ema1.keras
2024-10-19 14:32:36,770 INFO: Loading scaler from /home/tikeda/workspace/trade/AI_DayTrading/data/data_rolling/rolling_BTC_ETH_SOL_BNB_60_model_ema1.scaler
2024-10-19 14:32:36,770 INFO: Loading model from /home/tikeda/workspace/trade/AI_DayTrading/data/data_rolling/rolling_BTC_ETH_SOL_BNB_60_model_macd1.keras
2024-10-19 14:32:41,721 INFO: Loading scaler from /home/tikeda/workspace/trade/AI_DayTrading/data/data_rolling/rolling_BTC_ETH_SOL_BNB_60_model_macd1.scaler
2024-10-19 14:32:41,721 INFO: Loading model from /home/tikeda/workspace/trade/AI_DayTrading/data/data_rolling/rolling_BTC_ETH_SOL_BNB_60_120_240_720_model_mfi1.keras
2024-10-19 14:32:46,625 INFO: Loading scaler from /home/tikeda/workspace/trade/AI_DayTrading/data/data_rolling/rolling_BTC_ETH_SOL_BNB_60_120_240_720_model_mfi1.scaler
2024-10-19 14:32:46,631 INFO: Loading model from /home/tikeda/workspace/trade/AI_DayTrading/data/data_rolling/rolling_BTC_ETH_SOL_BNB_60_120_240_720_model_roc1.keras
2024-10-19 14:32:51,494 INFO: Loading scaler from /home/tikeda/workspace/trade/AI_DayTrading/data/data_rolling/rolling_BTC_ETH_SOL_BNB_60_120_240_720_model_roc1.scaler
2024-10-19 14:32:51,495 INFO: Loading model from /home/tikeda/workspace/trade/AI_DayTrading/data/data_rolling/rolling_BTC_ETH_SOL_BNB_60_120_240_720_model_atr1.keras
2024-10-19 14:32:56,608 INFO: Loading scaler from /home/tikeda/workspace/trade/AI_DayTrading/data/data_rolling/rolling_BTC_ETH_SOL_BNB_60_120_240_720_model_atr1.scaler
2024-10-19 14:32:56,608 INFO: Loading model from /home/tikeda/workspace/trade/AI_DayTrading/data/data_rolling/rolling_BTC_ETH_SOL_BNB_60_120_240_720_model_macd1.keras
2024-10-19 14:33:01,611 INFO: Loading scaler from /home/tikeda/workspace/trade/AI_DayTrading/data/data_rolling/rolling_BTC_ETH_SOL_BNB_60_120_240_720_model_macd1.scaler
2024-10-19 14:33:01,611 INFO: Loading model from /home/tikeda/workspace/trade/AI_DayTrading/data/data_rolling/rolling_BTC_ETH_SOL_BNB_60_120_240_720_model_mfi1.keras
2024-10-19 14:33:06,590 INFO: Loading scaler from /home/tikeda/workspace/trade/AI_DayTrading/data/data_rolling/rolling_BTC_ETH_SOL_BNB_60_120_240_720_model_mfi1.scaler
2024-10-19 14:33:06,591 INFO: Loading model from /home/tikeda/workspace/trade/AI_DayTrading/data/data_rolling/rolling_BTC_ETH_SOL_BNB_60_120_240_720_model_ema1.keras
2024-10-19 14:33:11,698 INFO: Loading scaler from /home/tikeda/workspace/trade/AI_DayTrading/data/data_rolling/rolling_BTC_ETH_SOL_BNB_60_120_240_720_model_ema1.scaler
2024-10-19 14:45:02,132 INFO: Updated data for BTCUSDT at 15 minute interval.
2024-10-19 15:00:06,332 INFO: Updated data for BTCUSDT at 15 minute interval.
2024-10-19 15:00:07,345 INFO: Updated data for BTCUSDT at 30 minute interval.
2024-10-19 15:00:07,880 INFO: Updated data for BTCUSDT at 60 minute interval.
2024-10-19 15:00:08,354 INFO: Updated data for BTCUSDT at 120 minute interval.
2024-10-19 15:15:06,252 INFO: Updated data for BTCUSDT at 15 minute interval.
2024-10-19 15:30:04,378 INFO: Updated data for BTCUSDT at 15 minute interval.
2024-10-19 15:30:10,619 INFO: Updated data for BTCUSDT at 30 minute interval.
2024-10-19 15:40:38,567 INFO: Loading model from /home/tikeda/workspace/trade/AI_DayTrading/data/data_rolling/rolling_BTC_ETH_SOL_BNB_60_model_roc1.keras
2024-10-19 15:40:43,882 INFO: Loading scaler from /home/tikeda/workspace/trade/AI_DayTrading/data/data_rolling/rolling_BTC_ETH_SOL_BNB_60_model_roc1.scaler
2024-10-19 15:40:43,883 INFO: Loading model from /home/tikeda/workspace/trade/AI_DayTrading/data/data_rolling/rolling_BTC_ETH_SOL_BNB_60_model_atr1.keras
2024-10-19 15:40:49,399 INFO: Loading scaler from /home/tikeda/workspace/trade/AI_DayTrading/data/data_rolling/rolling_BTC_ETH_SOL_BNB_60_model_atr1.scaler
2024-10-19 15:40:49,399 INFO: Loading model from /home/tikeda/workspace/trade/AI_DayTrading/data/data_rolling/rolling_BTC_ETH_SOL_BNB_60_model_ema1.keras
2024-10-19 15:40:54,470 INFO: Loading scaler from /home/tikeda/workspace/trade/AI_DayTrading/data/data_rolling/rolling_BTC_ETH_SOL_BNB_60_model_ema1.scaler
2024-10-19 15:40:54,470 INFO: Loading model from /home/tikeda/workspace/trade/AI_DayTrading/data/data_rolling/rolling_BTC_ETH_SOL_BNB_60_model_macd1.keras
2024-10-19 15:40:59,355 INFO: Loading scaler from /home/tikeda/workspace/trade/AI_DayTrading/data/data_rolling/rolling_BTC_ETH_SOL_BNB_60_model_macd1.scaler
2024-10-19 15:40:59,356 INFO: Loading model from /home/tikeda/workspace/trade/AI_DayTrading/data/data_rolling/rolling_BTC_ETH_SOL_BNB_60_120_240_720_model_mfi1.keras
2024-10-19 15:41:04,244 INFO: Loading scaler from /home/tikeda/workspace/trade/AI_DayTrading/data/data_rolling/rolling_BTC_ETH_SOL_BNB_60_120_240_720_model_mfi1.scaler
2024-10-19 15:41:04,250 INFO: Loading model from /home/tikeda/workspace/trade/AI_DayTrading/data/data_rolling/rolling_BTC_ETH_SOL_BNB_60_120_240_720_model_roc1.keras
2024-10-19 15:41:09,280 INFO: Loading scaler from /home/tikeda/workspace/trade/AI_DayTrading/data/data_rolling/rolling_BTC_ETH_SOL_BNB_60_120_240_720_model_roc1.scaler
2024-10-19 15:41:09,281 INFO: Loading model from /home/tikeda/workspace/trade/AI_DayTrading/data/data_rolling/rolling_BTC_ETH_SOL_BNB_60_120_240_720_model_atr1.keras
2024-10-19 15:41:14,573 INFO: Loading scaler from /home/tikeda/workspace/trade/AI_DayTrading/data/data_rolling/rolling_BTC_ETH_SOL_BNB_60_120_240_720_model_atr1.scaler
2024-10-19 15:41:14,574 INFO: Loading model from /home/tikeda/workspace/trade/AI_DayTrading/data/data_rolling/rolling_BTC_ETH_SOL_BNB_60_120_240_720_model_macd1.keras
2024-10-19 15:41:19,664 INFO: Loading scaler from /home/tikeda/workspace/trade/AI_DayTrading/data/data_rolling/rolling_BTC_ETH_SOL_BNB_60_120_240_720_model_macd1.scaler
2024-10-19 15:41:19,664 INFO: Loading model from /home/tikeda/workspace/trade/AI_DayTrading/data/data_rolling/rolling_BTC_ETH_SOL_BNB_60_120_240_720_model_mfi1.keras
2024-10-19 15:41:24,627 INFO: Loading scaler from /home/tikeda/workspace/trade/AI_DayTrading/data/data_rolling/rolling_BTC_ETH_SOL_BNB_60_120_240_720_model_mfi1.scaler
2024-10-19 15:41:24,628 INFO: Loading model from /home/tikeda/workspace/trade/AI_DayTrading/data/data_rolling/rolling_BTC_ETH_SOL_BNB_60_120_240_720_model_ema1.keras
2024-10-19 15:41:29,651 INFO: Loading scaler from /home/tikeda/workspace/trade/AI_DayTrading/data/data_rolling/rolling_BTC_ETH_SOL_BNB_60_120_240_720_model_ema1.scaler
2024-10-19 15:45:05,894 INFO: Updated data for BTCUSDT at 15 minute interval.
2024-10-19 16:00:05,992 INFO: Updated data for BTCUSDT at 15 minute interval.
2024-10-19 16:03:15,610 INFO: Loading model from /home/tikeda/workspace/trade/AI_DayTrading/data/data_rolling/rolling_BTC_ETH_SOL_BNB_60_model_roc1.keras
2024-10-19 16:03:20,924 INFO: Loading scaler from /home/tikeda/workspace/trade/AI_DayTrading/data/data_rolling/rolling_BTC_ETH_SOL_BNB_60_model_roc1.scaler
2024-10-19 16:03:20,924 INFO: Loading model from /home/tikeda/workspace/trade/AI_DayTrading/data/data_rolling/rolling_BTC_ETH_SOL_BNB_60_model_atr1.keras
2024-10-19 16:03:26,255 INFO: Loading scaler from /home/tikeda/workspace/trade/AI_DayTrading/data/data_rolling/rolling_BTC_ETH_SOL_BNB_60_model_atr1.scaler
2024-10-19 16:03:26,255 INFO: Loading model from /home/tikeda/workspace/trade/AI_DayTrading/data/data_rolling/rolling_BTC_ETH_SOL_BNB_60_model_ema1.keras
2024-10-19 16:03:31,303 INFO: Loading scaler from /home/tikeda/workspace/trade/AI_DayTrading/data/data_rolling/rolling_BTC_ETH_SOL_BNB_60_model_ema1.scaler
2024-10-19 16:03:31,303 INFO: Loading model from /home/tikeda/workspace/trade/AI_DayTrading/data/data_rolling/rolling_BTC_ETH_SOL_BNB_60_model_macd1.keras
2024-10-19 16:03:36,145 INFO: Loading scaler from /home/tikeda/workspace/trade/AI_DayTrading/data/data_rolling/rolling_BTC_ETH_SOL_BNB_60_model_macd1.scaler
2024-10-19 16:03:36,145 INFO: Loading model from /home/tikeda/workspace/trade/AI_DayTrading/data/data_rolling/rolling_BTC_ETH_SOL_BNB_60_120_240_720_model_mfi1.keras
2024-10-19 16:03:41,043 INFO: Loading scaler from /home/tikeda/workspace/trade/AI_DayTrading/data/data_rolling/rolling_BTC_ETH_SOL_BNB_60_120_240_720_model_mfi1.scaler
2024-10-19 16:03:41,049 INFO: Loading model from /home/tikeda/workspace/trade/AI_DayTrading/data/data_rolling/rolling_BTC_ETH_SOL_BNB_60_120_240_720_model_roc1.keras
2024-10-19 16:03:46,004 INFO: Loading scaler from /home/tikeda/workspace/trade/AI_DayTrading/data/data_rolling/rolling_BTC_ETH_SOL_BNB_60_120_240_720_model_roc1.scaler
2024-10-19 16:03:46,004 INFO: Loading model from /home/tikeda/workspace/trade/AI_DayTrading/data/data_rolling/rolling_BTC_ETH_SOL_BNB_60_120_240_720_model_atr1.keras
2024-10-19 16:03:51,180 INFO: Loading scaler from /home/tikeda/workspace/trade/AI_DayTrading/data/data_rolling/rolling_BTC_ETH_SOL_BNB_60_120_240_720_model_atr1.scaler
2024-10-19 16:03:51,180 INFO: Loading model from /home/tikeda/workspace/trade/AI_DayTrading/data/data_rolling/rolling_BTC_ETH_SOL_BNB_60_120_240_720_model_macd1.keras
2024-10-19 16:03:56,176 INFO: Loading scaler from /home/tikeda/workspace/trade/AI_DayTrading/data/data_rolling/rolling_BTC_ETH_SOL_BNB_60_120_240_720_model_macd1.scaler
2024-10-19 16:03:56,176 INFO: Loading model from /home/tikeda/workspace/trade/AI_DayTrading/data/data_rolling/rolling_BTC_ETH_SOL_BNB_60_120_240_720_model_mfi1.keras
2024-10-19 16:04:01,254 INFO: Loading scaler from /home/tikeda/workspace/trade/AI_DayTrading/data/data_rolling/rolling_BTC_ETH_SOL_BNB_60_120_240_720_model_mfi1.scaler
2024-10-19 16:04:01,255 INFO: Loading model from /home/tikeda/workspace/trade/AI_DayTrading/data/data_rolling/rolling_BTC_ETH_SOL_BNB_60_120_240_720_model_ema1.keras
2024-10-19 16:04:06,280 INFO: Loading scaler from /home/tikeda/workspace/trade/AI_DayTrading/data/data_rolling/rolling_BTC_ETH_SOL_BNB_60_120_240_720_model_ema1.scaler
2024-10-19 16:04:07,870 INFO: Updated data for BTCUSDT at 30 minute interval.
2024-10-19 16:04:08,477 INFO: Updated data for BTCUSDT at 60 minute interval.
2024-10-19 16:10:29,153 INFO: Loading model from /home/tikeda/workspace/trade/AI_DayTrading/data/data_rolling/rolling_BTC_ETH_SOL_BNB_60_model_roc1.keras
2024-10-19 16:10:34,563 INFO: Loading scaler from /home/tikeda/workspace/trade/AI_DayTrading/data/data_rolling/rolling_BTC_ETH_SOL_BNB_60_model_roc1.scaler
2024-10-19 16:10:34,564 INFO: Loading model from /home/tikeda/workspace/trade/AI_DayTrading/data/data_rolling/rolling_BTC_ETH_SOL_BNB_60_model_atr1.keras
2024-10-19 16:10:40,008 INFO: Loading scaler from /home/tikeda/workspace/trade/AI_DayTrading/data/data_rolling/rolling_BTC_ETH_SOL_BNB_60_model_atr1.scaler
2024-10-19 16:10:40,008 INFO: Loading model from /home/tikeda/workspace/trade/AI_DayTrading/data/data_rolling/rolling_BTC_ETH_SOL_BNB_60_model_ema1.keras
2024-10-19 16:10:45,152 INFO: Loading scaler from /home/tikeda/workspace/trade/AI_DayTrading/data/data_rolling/rolling_BTC_ETH_SOL_BNB_60_model_ema1.scaler
2024-10-19 16:10:45,152 INFO: Loading model from /home/tikeda/workspace/trade/AI_DayTrading/data/data_rolling/rolling_BTC_ETH_SOL_BNB_60_model_macd1.keras
2024-10-19 16:10:50,189 INFO: Loading scaler from /home/tikeda/workspace/trade/AI_DayTrading/data/data_rolling/rolling_BTC_ETH_SOL_BNB_60_model_macd1.scaler
2024-10-19 16:10:50,190 INFO: Loading model from /home/tikeda/workspace/trade/AI_DayTrading/data/data_rolling/rolling_BTC_ETH_SOL_BNB_60_120_240_720_model_mfi1.keras
2024-10-19 16:10:55,037 INFO: Loading scaler from /home/tikeda/workspace/trade/AI_DayTrading/data/data_rolling/rolling_BTC_ETH_SOL_BNB_60_120_240_720_model_mfi1.scaler
2024-10-19 16:10:55,043 INFO: Loading model from /home/tikeda/workspace/trade/AI_DayTrading/data/data_rolling/rolling_BTC_ETH_SOL_BNB_60_120_240_720_model_roc1.keras
2024-10-19 16:11:00,004 INFO: Loading scaler from /home/tikeda/workspace/trade/AI_DayTrading/data/data_rolling/rolling_BTC_ETH_SOL_BNB_60_120_240_720_model_roc1.scaler
2024-10-19 16:11:00,004 INFO: Loading model from /home/tikeda/workspace/trade/AI_DayTrading/data/data_rolling/rolling_BTC_ETH_SOL_BNB_60_120_240_720_model_atr1.keras
2024-10-19 16:11:05,202 INFO: Loading scaler from /home/tikeda/workspace/trade/AI_DayTrading/data/data_rolling/rolling_BTC_ETH_SOL_BNB_60_120_240_720_model_atr1.scaler
2024-10-19 16:11:05,203 INFO: Loading model from /home/tikeda/workspace/trade/AI_DayTrading/data/data_rolling/rolling_BTC_ETH_SOL_BNB_60_120_240_720_model_macd1.keras
2024-10-19 16:11:10,188 INFO: Loading scaler from /home/tikeda/workspace/trade/AI_DayTrading/data/data_rolling/rolling_BTC_ETH_SOL_BNB_60_120_240_720_model_macd1.scaler
2024-10-19 16:11:10,188 INFO: Loading model from /home/tikeda/workspace/trade/AI_DayTrading/data/data_rolling/rolling_BTC_ETH_SOL_BNB_60_120_240_720_model_mfi1.keras
2024-10-19 16:11:15,145 INFO: Loading scaler from /home/tikeda/workspace/trade/AI_DayTrading/data/data_rolling/rolling_BTC_ETH_SOL_BNB_60_120_240_720_model_mfi1.scaler
2024-10-19 16:11:15,145 INFO: Loading model from /home/tikeda/workspace/trade/AI_DayTrading/data/data_rolling/rolling_BTC_ETH_SOL_BNB_60_120_240_720_model_ema1.keras
2024-10-19 16:11:20,216 INFO: Loading scaler from /home/tikeda/workspace/trade/AI_DayTrading/data/data_rolling/rolling_BTC_ETH_SOL_BNB_60_120_240_720_model_ema1.scaler
2024-10-19 16:15:06,808 INFO: Updated data for BTCUSDT at 15 minute interval.
2024-10-19 16:30:06,001 INFO: Updated data for BTCUSDT at 15 minute interval.
2024-10-19 16:30:15,079 INFO: Updated data for BTCUSDT at 30 minute interval.
2024-10-19 16:45:02,395 INFO: Updated data for BTCUSDT at 15 minute interval.
2024-10-19 17:00:04,899 INFO: Updated data for BTCUSDT at 15 minute interval.
2024-10-19 17:00:26,737 INFO: Updated data for BTCUSDT at 30 minute interval.
2024-10-19 17:00:27,228 INFO: Updated data for BTCUSDT at 60 minute interval.
2024-10-19 17:00:27,514 INFO: Updated data for BTCUSDT at 120 minute interval.
2024-10-19 17:00:27,883 INFO: Updated data for BTCUSDT at 240 minute interval.
2024-10-19 17:15:08,081 INFO: Updated data for BTCUSDT at 15 minute interval.
2024-10-19 17:30:06,260 INFO: Updated data for BTCUSDT at 15 minute interval.
2024-10-19 17:30:08,147 INFO: Updated data for BTCUSDT at 30 minute interval.
2024-10-19 17:45:03,712 INFO: Updated data for BTCUSDT at 15 minute interval.
2024-10-19 18:00:07,902 INFO: Updated data for BTCUSDT at 15 minute interval.
2024-10-19 18:00:09,030 INFO: Updated data for BTCUSDT at 30 minute interval.
2024-10-19 18:00:09,595 INFO: Updated data for BTCUSDT at 60 minute interval.
2024-10-19 18:15:03,039 INFO: Updated data for BTCUSDT at 15 minute interval.
2024-10-19 18:30:05,805 INFO: Updated data for BTCUSDT at 15 minute interval.
2024-10-19 18:30:06,786 INFO: Updated data for BTCUSDT at 30 minute interval.
2024-10-19 18:45:01,086 INFO: Updated data for BTCUSDT at 15 minute interval.
